{"/home/travis/build/npmtest/node-npmtest-pickup/test.js":{"path":"/home/travis/build/npmtest/node-npmtest-pickup/test.js","s":{"1":2,"2":2,"3":2,"4":2,"5":2,"6":2,"7":2,"8":1,"9":2,"10":2,"11":1,"12":1,"13":1,"14":1,"15":2,"16":2,"17":2,"18":2,"19":1,"20":1,"21":2,"22":2,"23":2,"24":1,"25":1,"26":1,"27":1,"28":1,"29":1,"30":1,"31":1,"32":1,"33":1,"34":1,"35":1,"36":1,"37":1,"38":1,"39":2,"40":2,"41":1,"42":2,"43":2,"44":1,"45":2,"46":2,"47":1,"48":2,"49":2,"50":1,"51":1,"52":1,"53":1,"54":1},"b":{"1":[2,1,1,1],"2":[1,1,1,1],"3":[1,1],"4":[1,1],"5":[1,1],"6":[1,1],"7":[1,1],"8":[1,1],"9":[1,1],"10":[1,1,1],"11":[1,1],"12":[1,1],"13":[1,1],"14":[1,1],"15":[1,1],"16":[1,1],"17":[1,1]},"f":{"1":2,"2":2,"3":2,"4":2,"5":2,"6":1,"7":1,"8":1,"9":2,"10":2,"11":2,"12":2,"13":1},"fnMap":{"1":{"name":"(anonymous_1)","line":12,"loc":{"start":{"line":12,"column":1},"end":{"line":12,"column":13}}},"2":{"name":"(anonymous_2)","line":19,"loc":{"start":{"line":19,"column":5},"end":{"line":19,"column":17}}},"3":{"name":"(anonymous_3)","line":23,"loc":{"start":{"line":23,"column":24},"end":{"line":23,"column":36}}},"4":{"name":"(anonymous_4)","line":61,"loc":{"start":{"line":61,"column":5},"end":{"line":61,"column":17}}},"5":{"name":"(anonymous_5)","line":82,"loc":{"start":{"line":82,"column":5},"end":{"line":82,"column":17}}},"6":{"name":"(anonymous_6)","line":91,"loc":{"start":{"line":91,"column":77},"end":{"line":94,"column":10}}},"7":{"name":"(anonymous_7)","line":112,"loc":{"start":{"line":112,"column":83},"end":{"line":115,"column":10}},"skip":true},"8":{"name":"(anonymous_8)","line":123,"loc":{"start":{"line":123,"column":77},"end":{"line":126,"column":10}},"skip":true},"9":{"name":"(anonymous_9)","line":139,"loc":{"start":{"line":139,"column":12},"end":{"line":139,"column":40}},"skip":true},"10":{"name":"(anonymous_10)","line":147,"loc":{"start":{"line":147,"column":77},"end":{"line":150,"column":10}},"skip":true},"11":{"name":"(anonymous_11)","line":158,"loc":{"start":{"line":158,"column":83},"end":{"line":161,"column":10}},"skip":true},"12":{"name":"(anonymous_12)","line":169,"loc":{"start":{"line":169,"column":79},"end":{"line":172,"column":10}},"skip":true},"13":{"name":"(anonymous_13)","line":180,"loc":{"start":{"line":180,"column":75},"end":{"line":183,"column":10}},"skip":true}},"statementMap":{"1":{"start":{"line":12,"column":0},"end":{"line":195,"column":5}},"2":{"start":{"line":14,"column":4},"end":{"line":14,"column":14}},"3":{"start":{"line":19,"column":4},"end":{"line":56,"column":9}},"4":{"start":{"line":21,"column":8},"end":{"line":21,"column":19}},"5":{"start":{"line":23,"column":8},"end":{"line":35,"column":13}},"6":{"start":{"line":24,"column":12},"end":{"line":34,"column":13}},"7":{"start":{"line":25,"column":16},"end":{"line":28,"column":30}},"8":{"start":{"line":30,"column":16},"end":{"line":33,"column":27}},"9":{"start":{"line":37,"column":8},"end":{"line":39,"column":21}},"10":{"start":{"line":40,"column":8},"end":{"line":53,"column":9}},"11":{"start":{"line":43,"column":12},"end":{"line":46,"column":14}},"12":{"start":{"line":47,"column":12},"end":{"line":47,"column":18}},"13":{"start":{"line":50,"column":12},"end":{"line":51,"column":33}},"14":{"start":{"line":52,"column":12},"end":{"line":52,"column":18}},"15":{"start":{"line":55,"column":8},"end":{"line":55,"column":35}},"16":{"start":{"line":61,"column":4},"end":{"line":63,"column":9}},"17":{"start":{"line":62,"column":8},"end":{"line":62,"column":15}},"18":{"start":{"line":64,"column":4},"end":{"line":77,"column":5}},"19":{"start":{"line":70,"column":8},"end":{"line":70,"column":14}},"20":{"start":{"line":76,"column":8},"end":{"line":76,"column":14}},"21":{"start":{"line":82,"column":4},"end":{"line":84,"column":9}},"22":{"start":{"line":83,"column":8},"end":{"line":83,"column":15}},"23":{"start":{"line":85,"column":4},"end":{"line":194,"column":5}},"24":{"start":{"line":91,"column":8},"end":{"line":99,"column":10}},"25":{"start":{"line":98,"column":12},"end":{"line":98,"column":35}},"26":{"start":{"line":102,"column":8},"end":{"line":104,"column":63}},"27":{"start":{"line":105,"column":8},"end":{"line":105,"column":14}},"28":{"start":{"line":112,"column":8},"end":{"line":121,"column":10},"skip":true},"29":{"start":{"line":119,"column":12},"end":{"line":119,"column":55},"skip":true},"30":{"start":{"line":120,"column":12},"end":{"line":120,"column":48},"skip":true},"31":{"start":{"line":123,"column":8},"end":{"line":136,"column":10},"skip":true},"32":{"start":{"line":130,"column":12},"end":{"line":130,"column":76},"skip":true},"33":{"start":{"line":131,"column":12},"end":{"line":131,"column":73},"skip":true},"34":{"start":{"line":132,"column":12},"end":{"line":132,"column":74},"skip":true},"35":{"start":{"line":133,"column":12},"end":{"line":133,"column":79},"skip":true},"36":{"start":{"line":134,"column":12},"end":{"line":134,"column":25},"skip":true},"37":{"start":{"line":135,"column":12},"end":{"line":135,"column":45},"skip":true},"38":{"start":{"line":138,"column":8},"end":{"line":145,"column":14},"skip":true},"39":{"start":{"line":143,"column":16},"end":{"line":143,"column":29},"skip":true},"40":{"start":{"line":144,"column":16},"end":{"line":144,"column":55},"skip":true},"41":{"start":{"line":147,"column":8},"end":{"line":156,"column":10},"skip":true},"42":{"start":{"line":154,"column":12},"end":{"line":154,"column":25},"skip":true},"43":{"start":{"line":155,"column":12},"end":{"line":155,"column":45},"skip":true},"44":{"start":{"line":158,"column":8},"end":{"line":167,"column":10},"skip":true},"45":{"start":{"line":165,"column":12},"end":{"line":165,"column":25},"skip":true},"46":{"start":{"line":166,"column":12},"end":{"line":166,"column":48},"skip":true},"47":{"start":{"line":169,"column":8},"end":{"line":178,"column":10},"skip":true},"48":{"start":{"line":176,"column":12},"end":{"line":176,"column":25},"skip":true},"49":{"start":{"line":177,"column":12},"end":{"line":177,"column":46},"skip":true},"50":{"start":{"line":180,"column":8},"end":{"line":189,"column":10},"skip":true},"51":{"start":{"line":187,"column":12},"end":{"line":187,"column":94},"skip":true},"52":{"start":{"line":188,"column":12},"end":{"line":188,"column":48},"skip":true},"53":{"start":{"line":192,"column":8},"end":{"line":192,"column":35},"skip":true},"54":{"start":{"line":193,"column":8},"end":{"line":193,"column":14},"skip":true}},"branchMap":{"1":{"line":25,"type":"binary-expr","locations":[{"start":{"line":25,"column":23},"end":{"line":25,"column":62}},{"start":{"line":26,"column":20},"end":{"line":26,"column":70}},{"start":{"line":27,"column":20},"end":{"line":27,"column":71}},{"start":{"line":28,"column":20},"end":{"line":28,"column":29}}]},"2":{"line":30,"type":"binary-expr","locations":[{"start":{"line":30,"column":23},"end":{"line":30,"column":37}},{"start":{"line":31,"column":20},"end":{"line":31,"column":61}},{"start":{"line":32,"column":20},"end":{"line":32,"column":70}},{"start":{"line":33,"column":20},"end":{"line":33,"column":26}}]},"3":{"line":37,"type":"cond-expr","locations":[{"start":{"line":38,"column":14},"end":{"line":38,"column":20}},{"start":{"line":39,"column":14},"end":{"line":39,"column":20}}]},"4":{"line":40,"type":"switch","locations":[{"start":{"line":42,"column":8},"end":{"line":47,"column":18}},{"start":{"line":49,"column":8},"end":{"line":52,"column":18}}]},"5":{"line":44,"type":"binary-expr","locations":[{"start":{"line":44,"column":16},"end":{"line":44,"column":44}},{"start":{"line":44,"column":48},"end":{"line":44,"column":66}}]},"6":{"line":50,"type":"binary-expr","locations":[{"start":{"line":50,"column":21},"end":{"line":50,"column":49}},{"start":{"line":50,"column":53},"end":{"line":50,"column":72}}]},"7":{"line":64,"type":"switch","locations":[{"start":{"line":69,"column":4},"end":{"line":70,"column":14}},{"start":{"line":75,"column":4},"end":{"line":76,"column":14}}]},"8":{"line":85,"type":"switch","locations":[{"start":{"line":90,"column":4},"end":{"line":105,"column":14}},{"start":{"line":111,"column":4},"end":{"line":193,"column":14},"skip":true}]},"9":{"line":91,"type":"binary-expr","locations":[{"start":{"line":91,"column":42},"end":{"line":91,"column":73}},{"start":{"line":91,"column":77},"end":{"line":99,"column":9}}]},"10":{"line":102,"type":"binary-expr","locations":[{"start":{"line":102,"column":18},"end":{"line":102,"column":32}},{"start":{"line":103,"column":12},"end":{"line":103,"column":53}},{"start":{"line":104,"column":12},"end":{"line":104,"column":61}}]},"11":{"line":112,"type":"binary-expr","locations":[{"start":{"line":112,"column":45},"end":{"line":112,"column":79},"skip":true},{"start":{"line":112,"column":83},"end":{"line":121,"column":9},"skip":true}]},"12":{"line":123,"type":"binary-expr","locations":[{"start":{"line":123,"column":42},"end":{"line":123,"column":73},"skip":true},{"start":{"line":123,"column":77},"end":{"line":136,"column":9},"skip":true}]},"13":{"line":138,"type":"binary-expr","locations":[{"start":{"line":138,"column":48},"end":{"line":138,"column":85},"skip":true},{"start":{"line":139,"column":12},"end":{"line":145,"column":13},"skip":true}]},"14":{"line":147,"type":"binary-expr","locations":[{"start":{"line":147,"column":42},"end":{"line":147,"column":73},"skip":true},{"start":{"line":147,"column":77},"end":{"line":156,"column":9},"skip":true}]},"15":{"line":158,"type":"binary-expr","locations":[{"start":{"line":158,"column":45},"end":{"line":158,"column":79},"skip":true},{"start":{"line":158,"column":83},"end":{"line":167,"column":9},"skip":true}]},"16":{"line":169,"type":"binary-expr","locations":[{"start":{"line":169,"column":43},"end":{"line":169,"column":75},"skip":true},{"start":{"line":169,"column":79},"end":{"line":178,"column":9},"skip":true}]},"17":{"line":180,"type":"binary-expr","locations":[{"start":{"line":180,"column":41},"end":{"line":180,"column":71},"skip":true},{"start":{"line":180,"column":75},"end":{"line":189,"column":9},"skip":true}]}},"code":["/* istanbul instrument in package npmtest_pickup */","/*jslint","    bitwise: true,","    browser: true,","    maxerr: 8,","    maxlen: 96,","    node: true,","    nomen: true,","    regexp: true,","    stupid: true","*/","(function () {","    'use strict';","    var local;","","","","    // run shared js-env code - pre-init","    (function () {","        // init local","        local = {};","        // init modeJs","        local.modeJs = (function () {","            try {","                return typeof navigator.userAgent === 'string' &&","                    typeof document.querySelector('body') === 'object' &&","                    typeof XMLHttpRequest.prototype.open === 'function' &&","                    'browser';","            } catch (errorCaughtBrowser) {","                return module.exports &&","                    typeof process.versions.node === 'string' &&","                    typeof require('http').createServer === 'function' &&","                    'node';","            }","        }());","        // init global","        local.global = local.modeJs === 'browser'","            ? window","            : global;","        switch (local.modeJs) {","        // re-init local from window.local","        case 'browser':","            local = local.global.utility2.objectSetDefault(","                local.global.utility2_rollup || local.global.local,","                local.global.utility2","            );","            break;","        // re-init local from example.js","        case 'node':","            local = (local.global.utility2_rollup || require('utility2'))","                .requireReadme();","            break;","        }","        // export local","        local.global.local = local;","    }());","","","","    // run shared js-env code - function","    (function () {","        return;","    }());","    switch (local.modeJs) {","","","","    // run browser js-env code - function","    case 'browser':","        break;","","","","    // run node js-env code - function","    case 'node':","        break;","    }","","","","    // run shared js-env code - post-init","    (function () {","        return;","    }());","    switch (local.modeJs) {","","","","    // run browser js-env code - post-init","    case 'browser':","        local.testCase_browser_nullCase = local.testCase_browser_nullCase || function (","            options,","            onError","        ) {","        /*","         * this function will test browsers's null-case handling-behavior-behavior","         */","            onError(null, options);","        };","","        // run tests","        local.nop(local.modeTest &&","            document.querySelector('#testRunButton1') &&","            document.querySelector('#testRunButton1').click());","        break;","","","","    // run node js-env code - post-init","    /* istanbul ignore next */","    case 'node':","        local.testCase_buildApidoc_default = local.testCase_buildApidoc_default || function (","            options,","            onError","        ) {","        /*","         * this function will test buildApidoc's default handling-behavior-behavior","         */","            options = { modulePathList: module.paths };","            local.buildApidoc(options, onError);","        };","","        local.testCase_buildApp_default = local.testCase_buildApp_default || function (","            options,","            onError","        ) {","        /*","         * this function will test buildApp's default handling-behavior-behavior","         */","            local.testCase_buildReadme_default(options, local.onErrorThrow);","            local.testCase_buildLib_default(options, local.onErrorThrow);","            local.testCase_buildTest_default(options, local.onErrorThrow);","            local.testCase_buildCustomOrg_default(options, local.onErrorThrow);","            options = [];","            local.buildApp(options, onError);","        };","","        local.testCase_buildCustomOrg_default = local.testCase_buildCustomOrg_default ||","            function (options, onError) {","            /*","             * this function will test buildCustomOrg's default handling-behavior","             */","                options = {};","                local.buildCustomOrg(options, onError);","            };","","        local.testCase_buildLib_default = local.testCase_buildLib_default || function (","            options,","            onError","        ) {","        /*","         * this function will test buildLib's default handling-behavior","         */","            options = {};","            local.buildLib(options, onError);","        };","","        local.testCase_buildReadme_default = local.testCase_buildReadme_default || function (","            options,","            onError","        ) {","        /*","         * this function will test buildReadme's default handling-behavior-behavior","         */","            options = {};","            local.buildReadme(options, onError);","        };","","        local.testCase_buildTest_default = local.testCase_buildTest_default || function (","            options,","            onError","        ) {","        /*","         * this function will test buildTest's default handling-behavior","         */","            options = {};","            local.buildTest(options, onError);","        };","","        local.testCase_webpage_default = local.testCase_webpage_default || function (","            options,","            onError","        ) {","        /*","         * this function will test webpage's default handling-behavior","         */","            options = { modeCoverageMerge: true, url: local.serverLocalHost + '?modeTest=1' };","            local.browserTest(options, onError);","        };","","        // run test-server","        local.testRunServer(local);","        break;","    }","}());",""],"l":{"12":2,"14":2,"19":2,"21":2,"23":2,"24":2,"25":2,"30":1,"37":2,"40":2,"43":1,"47":1,"50":1,"52":1,"55":2,"61":2,"62":2,"64":2,"70":1,"76":1,"82":2,"83":2,"85":2,"91":1,"98":1,"102":1,"105":1,"112":1,"119":1,"120":1,"123":1,"130":1,"131":1,"132":1,"133":1,"134":1,"135":1,"138":1,"143":2,"144":2,"147":1,"154":2,"155":2,"158":1,"165":2,"166":2,"169":1,"176":2,"177":2,"180":1,"187":1,"188":1,"192":1,"193":1}},"/home/travis/build/npmtest/node-npmtest-pickup/lib.npmtest_pickup.js":{"path":"/home/travis/build/npmtest/node-npmtest-pickup/lib.npmtest_pickup.js","s":{"1":2,"2":2,"3":2,"4":2,"5":2,"6":2,"7":2,"8":1,"9":2,"10":2,"11":2,"12":2,"13":1,"14":1,"15":1,"16":1},"b":{"1":[2,1,1,1],"2":[1,1,1,1],"3":[1,1],"4":[2,2],"5":[1,1]},"f":{"1":2,"2":2,"3":2},"fnMap":{"1":{"name":"(anonymous_1)","line":12,"loc":{"start":{"line":12,"column":1},"end":{"line":12,"column":13}}},"2":{"name":"(anonymous_2)","line":19,"loc":{"start":{"line":19,"column":5},"end":{"line":19,"column":17}}},"3":{"name":"(anonymous_3)","line":23,"loc":{"start":{"line":23,"column":24},"end":{"line":23,"column":36}}}},"statementMap":{"1":{"start":{"line":12,"column":0},"end":{"line":53,"column":5}},"2":{"start":{"line":14,"column":4},"end":{"line":14,"column":14}},"3":{"start":{"line":19,"column":4},"end":{"line":52,"column":9}},"4":{"start":{"line":21,"column":8},"end":{"line":21,"column":19}},"5":{"start":{"line":23,"column":8},"end":{"line":35,"column":13}},"6":{"start":{"line":24,"column":12},"end":{"line":34,"column":13}},"7":{"start":{"line":25,"column":16},"end":{"line":28,"column":30}},"8":{"start":{"line":30,"column":16},"end":{"line":33,"column":27}},"9":{"start":{"line":37,"column":8},"end":{"line":39,"column":21}},"10":{"start":{"line":41,"column":8},"end":{"line":41,"column":54}},"11":{"start":{"line":43,"column":8},"end":{"line":43,"column":51}},"12":{"start":{"line":45,"column":8},"end":{"line":51,"column":9}},"13":{"start":{"line":46,"column":12},"end":{"line":46,"column":57}},"14":{"start":{"line":48,"column":12},"end":{"line":48,"column":35}},"15":{"start":{"line":49,"column":12},"end":{"line":49,"column":49}},"16":{"start":{"line":50,"column":12},"end":{"line":50,"column":43}}},"branchMap":{"1":{"line":25,"type":"binary-expr","locations":[{"start":{"line":25,"column":23},"end":{"line":25,"column":62}},{"start":{"line":26,"column":20},"end":{"line":26,"column":70}},{"start":{"line":27,"column":20},"end":{"line":27,"column":71}},{"start":{"line":28,"column":20},"end":{"line":28,"column":29}}]},"2":{"line":30,"type":"binary-expr","locations":[{"start":{"line":30,"column":23},"end":{"line":30,"column":37}},{"start":{"line":31,"column":20},"end":{"line":31,"column":61}},{"start":{"line":32,"column":20},"end":{"line":32,"column":70}},{"start":{"line":33,"column":20},"end":{"line":33,"column":26}}]},"3":{"line":37,"type":"cond-expr","locations":[{"start":{"line":38,"column":14},"end":{"line":38,"column":20}},{"start":{"line":39,"column":14},"end":{"line":39,"column":20}}]},"4":{"line":41,"type":"binary-expr","locations":[{"start":{"line":41,"column":16},"end":{"line":41,"column":44}},{"start":{"line":41,"column":48},"end":{"line":41,"column":53}}]},"5":{"line":45,"type":"if","locations":[{"start":{"line":45,"column":8},"end":{"line":45,"column":8}},{"start":{"line":45,"column":8},"end":{"line":45,"column":8}}]}},"code":["/* istanbul instrument in package npmtest_pickup */","/*jslint","    bitwise: true,","    browser: true,","    maxerr: 8,","    maxlen: 96,","    node: true,","    nomen: true,","    regexp: true,","    stupid: true","*/","(function () {","    'use strict';","    var local;","","","","    // run shared js-env code - pre-init","    (function () {","        // init local","        local = {};","        // init modeJs","        local.modeJs = (function () {","            try {","                return typeof navigator.userAgent === 'string' &&","                    typeof document.querySelector('body') === 'object' &&","                    typeof XMLHttpRequest.prototype.open === 'function' &&","                    'browser';","            } catch (errorCaughtBrowser) {","                return module.exports &&","                    typeof process.versions.node === 'string' &&","                    typeof require('http').createServer === 'function' &&","                    'node';","            }","        }());","        // init global","        local.global = local.modeJs === 'browser'","            ? window","            : global;","        // init utility2_rollup","        local = local.global.utility2_rollup || local;","        // init lib","        local.local = local.npmtest_pickup = local;","        // init exports","        if (local.modeJs === 'browser') {","            local.global.utility2_npmtest_pickup = local;","        } else {","            module.exports = local;","            module.exports.__dirname = __dirname;","            module.exports.module = module;","        }","    }());","}());",""],"l":{"12":2,"14":2,"19":2,"21":2,"23":2,"24":2,"25":2,"30":1,"37":2,"41":2,"43":2,"45":2,"46":1,"48":1,"49":1,"50":1}},"/home/travis/build/npmtest/node-npmtest-pickup/example.js":{"path":"/home/travis/build/npmtest/node-npmtest-pickup/example.js","s":{"1":2,"2":2,"3":2,"4":2,"5":2,"6":2,"7":2,"8":1,"9":2,"10":2,"11":2,"12":2,"13":1,"14":2,"15":2,"16":2,"17":2,"18":2,"19":0,"20":2,"21":1,"22":1,"23":1,"24":1,"25":1,"26":0,"27":0,"28":1,"29":1,"30":2,"31":0,"32":0,"33":0,"34":1,"35":2,"36":2,"37":3,"38":3,"39":3,"40":3,"41":0,"42":3,"43":3,"44":3,"45":1,"46":3,"47":1,"48":1,"49":1,"50":1,"51":1,"52":1,"53":1,"54":1,"55":1,"56":1,"57":0,"58":1,"59":6,"60":6,"61":1,"62":2,"63":0,"64":2,"65":1,"66":1,"67":0,"68":0,"69":0,"70":0,"71":0,"72":0,"73":0,"74":0,"75":0,"76":0,"77":0,"78":0,"79":0,"80":0,"81":0,"82":0,"83":0},"b":{"1":[2,1,1,1],"2":[1,1,1,1],"3":[1,1],"4":[2,2],"5":[1,1],"6":[1,1],"7":[2,0],"8":[2,1,1,1,1,1],"9":[0,2,0],"10":[1,1],"11":[2,1,1],"12":[1,0],"13":[0,2],"14":[2,0,0,0,0,0,0],"15":[0,3],"16":[3,0],"17":[1,1],"18":[0,1],"19":[1,2,0,2],"20":[1,0],"21":[1,1],"22":[0,0],"23":[0,0],"24":[0,0],"25":[0,0],"26":[0,0],"27":[0,0],"28":[0,0]},"f":{"1":2,"2":2,"3":2,"4":2,"5":2,"6":2,"7":3,"8":3,"9":3,"10":1,"11":6,"12":0},"fnMap":{"1":{"name":"(anonymous_1)","line":26,"loc":{"start":{"line":26,"column":1},"end":{"line":26,"column":13}}},"2":{"name":"(anonymous_2)","line":33,"loc":{"start":{"line":33,"column":5},"end":{"line":33,"column":17}}},"3":{"name":"(anonymous_3)","line":37,"loc":{"start":{"line":37,"column":24},"end":{"line":37,"column":36}}},"4":{"name":"(anonymous_4)","line":69,"loc":{"start":{"line":69,"column":31},"end":{"line":69,"column":48}},"skip":true},"5":{"name":"(anonymous_5)","line":78,"loc":{"start":{"line":78,"column":26},"end":{"line":78,"column":45}},"skip":true},"6":{"name":"(anonymous_6)","line":123,"loc":{"start":{"line":123,"column":33},"end":{"line":123,"column":48}},"skip":true},"7":{"name":"(anonymous_7)","line":125,"loc":{"start":{"line":125,"column":27},"end":{"line":125,"column":39}},"skip":true},"8":{"name":"(anonymous_8)","line":133,"loc":{"start":{"line":133,"column":59},"end":{"line":133,"column":74}},"skip":true},"9":{"name":"(anonymous_9)","line":143,"loc":{"start":{"line":143,"column":45},"end":{"line":143,"column":62}},"skip":true},"10":{"name":"(anonymous_10)","line":144,"loc":{"start":{"line":144,"column":73},"end":{"line":144,"column":92}},"skip":true},"11":{"name":"(anonymous_11)","line":272,"loc":{"start":{"line":272,"column":51},"end":{"line":272,"column":77}},"skip":true},"12":{"name":"(anonymous_12)","line":315,"loc":{"start":{"line":315,"column":32},"end":{"line":315,"column":61}},"skip":true}},"statementMap":{"1":{"start":{"line":26,"column":0},"end":{"line":326,"column":5}},"2":{"start":{"line":28,"column":4},"end":{"line":28,"column":14}},"3":{"start":{"line":33,"column":4},"end":{"line":60,"column":9}},"4":{"start":{"line":35,"column":8},"end":{"line":35,"column":19}},"5":{"start":{"line":37,"column":8},"end":{"line":49,"column":13}},"6":{"start":{"line":38,"column":12},"end":{"line":48,"column":13}},"7":{"start":{"line":39,"column":16},"end":{"line":42,"column":30}},"8":{"start":{"line":44,"column":16},"end":{"line":47,"column":27}},"9":{"start":{"line":51,"column":8},"end":{"line":53,"column":21}},"10":{"start":{"line":55,"column":8},"end":{"line":57,"column":45}},"11":{"start":{"line":59,"column":8},"end":{"line":59,"column":35}},"12":{"start":{"line":61,"column":4},"end":{"line":325,"column":5}},"13":{"start":{"line":69,"column":8},"end":{"line":121,"column":10},"skip":true},"14":{"start":{"line":70,"column":12},"end":{"line":88,"column":13},"skip":true},"15":{"start":{"line":76,"column":16},"end":{"line":87,"column":19},"skip":true},"16":{"start":{"line":79,"column":20},"end":{"line":86,"column":21},"skip":true},"17":{"start":{"line":82,"column":24},"end":{"line":82,"column":43},"skip":true},"18":{"start":{"line":83,"column":24},"end":{"line":83,"column":30},"skip":true},"19":{"start":{"line":85,"column":24},"end":{"line":85,"column":49},"skip":true},"20":{"start":{"line":89,"column":12},"end":{"line":107,"column":13},"skip":true},"21":{"start":{"line":92,"column":16},"end":{"line":102,"column":17},"skip":true},"22":{"start":{"line":93,"column":20},"end":{"line":93,"column":86},"skip":true},"23":{"start":{"line":94,"column":20},"end":{"line":95,"column":45},"skip":true},"24":{"start":{"line":96,"column":20},"end":{"line":96,"column":42},"skip":true},"25":{"start":{"line":97,"column":20},"end":{"line":97,"column":48},"skip":true},"26":{"start":{"line":100,"column":20},"end":{"line":100,"column":85},"skip":true},"27":{"start":{"line":101,"column":20},"end":{"line":101,"column":96},"skip":true},"28":{"start":{"line":103,"column":16},"end":{"line":103,"column":22},"skip":true},"29":{"start":{"line":106,"column":16},"end":{"line":106,"column":22},"skip":true},"30":{"start":{"line":108,"column":12},"end":{"line":120,"column":13},"skip":true},"31":{"start":{"line":114,"column":16},"end":{"line":119,"column":17},"skip":true},"32":{"start":{"line":116,"column":20},"end":{"line":116,"column":78},"skip":true},"33":{"start":{"line":118,"column":20},"end":{"line":118,"column":47},"skip":true},"34":{"start":{"line":123,"column":8},"end":{"line":141,"column":11},"skip":true},"35":{"start":{"line":124,"column":12},"end":{"line":124,"column":54},"skip":true},"36":{"start":{"line":125,"column":12},"end":{"line":140,"column":14},"skip":true},"37":{"start":{"line":126,"column":16},"end":{"line":126,"column":28},"skip":true},"38":{"start":{"line":127,"column":16},"end":{"line":127,"column":69},"skip":true},"39":{"start":{"line":128,"column":16},"end":{"line":128,"column":75},"skip":true},"40":{"start":{"line":129,"column":16},"end":{"line":131,"column":17},"skip":true},"41":{"start":{"line":130,"column":20},"end":{"line":130,"column":27},"skip":true},"42":{"start":{"line":133,"column":16},"end":{"line":137,"column":36},"skip":true},"43":{"start":{"line":134,"column":20},"end":{"line":136,"column":55},"skip":true},"44":{"start":{"line":139,"column":16},"end":{"line":139,"column":57},"skip":true},"45":{"start":{"line":143,"column":8},"end":{"line":147,"column":11},"skip":true},"46":{"start":{"line":144,"column":12},"end":{"line":146,"column":15},"skip":true},"47":{"start":{"line":145,"column":16},"end":{"line":145,"column":70},"skip":true},"48":{"start":{"line":149,"column":8},"end":{"line":149,"column":31},"skip":true},"49":{"start":{"line":150,"column":8},"end":{"line":150,"column":14},"skip":true},"50":{"start":{"line":158,"column":8},"end":{"line":158,"column":31},"skip":true},"51":{"start":{"line":160,"column":8},"end":{"line":160,"column":33},"skip":true},"52":{"start":{"line":161,"column":8},"end":{"line":161,"column":37},"skip":true},"53":{"start":{"line":162,"column":8},"end":{"line":162,"column":35},"skip":true},"54":{"start":{"line":164,"column":8},"end":{"line":164,"column":50},"skip":true},"55":{"start":{"line":166,"column":8},"end":{"line":256,"column":2},"skip":true},"56":{"start":{"line":258,"column":8},"end":{"line":286,"column":9},"skip":true},"57":{"start":{"line":259,"column":12},"end":{"line":269,"column":14},"skip":true},"58":{"start":{"line":271,"column":12},"end":{"line":285,"column":19},"skip":true},"59":{"start":{"line":274,"column":20},"end":{"line":274,"column":35},"skip":true},"60":{"start":{"line":275,"column":20},"end":{"line":284,"column":21},"skip":true},"61":{"start":{"line":277,"column":24},"end":{"line":277,"column":64},"skip":true},"62":{"start":{"line":279,"column":24},"end":{"line":279,"column":40},"skip":true},"63":{"start":{"line":281,"column":24},"end":{"line":281,"column":40},"skip":true},"64":{"start":{"line":283,"column":24},"end":{"line":283,"column":39},"skip":true},"65":{"start":{"line":288,"column":8},"end":{"line":290,"column":9},"skip":true},"66":{"start":{"line":289,"column":12},"end":{"line":289,"column":18},"skip":true},"67":{"start":{"line":291,"column":8},"end":{"line":293,"column":54},"skip":true},"68":{"start":{"line":296,"column":8},"end":{"line":301,"column":37},"skip":true},"69":{"start":{"line":303,"column":8},"end":{"line":303,"column":82},"skip":true},"70":{"start":{"line":306,"column":8},"end":{"line":308,"column":9},"skip":true},"71":{"start":{"line":307,"column":12},"end":{"line":307,"column":82},"skip":true},"72":{"start":{"line":310,"column":8},"end":{"line":312,"column":9},"skip":true},"73":{"start":{"line":311,"column":12},"end":{"line":311,"column":18},"skip":true},"74":{"start":{"line":313,"column":8},"end":{"line":313,"column":54},"skip":true},"75":{"start":{"line":314,"column":8},"end":{"line":314,"column":69},"skip":true},"76":{"start":{"line":315,"column":8},"end":{"line":323,"column":36},"skip":true},"77":{"start":{"line":316,"column":12},"end":{"line":316,"column":61},"skip":true},"78":{"start":{"line":317,"column":12},"end":{"line":320,"column":13},"skip":true},"79":{"start":{"line":318,"column":16},"end":{"line":318,"column":75},"skip":true},"80":{"start":{"line":319,"column":16},"end":{"line":319,"column":23},"skip":true},"81":{"start":{"line":321,"column":12},"end":{"line":321,"column":38},"skip":true},"82":{"start":{"line":322,"column":12},"end":{"line":322,"column":27},"skip":true},"83":{"start":{"line":324,"column":8},"end":{"line":324,"column":14},"skip":true}},"branchMap":{"1":{"line":39,"type":"binary-expr","locations":[{"start":{"line":39,"column":23},"end":{"line":39,"column":62}},{"start":{"line":40,"column":20},"end":{"line":40,"column":70}},{"start":{"line":41,"column":20},"end":{"line":41,"column":71}},{"start":{"line":42,"column":20},"end":{"line":42,"column":29}}]},"2":{"line":44,"type":"binary-expr","locations":[{"start":{"line":44,"column":23},"end":{"line":44,"column":37}},{"start":{"line":45,"column":20},"end":{"line":45,"column":61}},{"start":{"line":46,"column":20},"end":{"line":46,"column":70}},{"start":{"line":47,"column":20},"end":{"line":47,"column":26}}]},"3":{"line":51,"type":"cond-expr","locations":[{"start":{"line":52,"column":14},"end":{"line":52,"column":20}},{"start":{"line":53,"column":14},"end":{"line":53,"column":20}}]},"4":{"line":55,"type":"binary-expr","locations":[{"start":{"line":55,"column":16},"end":{"line":55,"column":44}},{"start":{"line":55,"column":49},"end":{"line":57,"column":43}}]},"5":{"line":55,"type":"cond-expr","locations":[{"start":{"line":56,"column":14},"end":{"line":56,"column":50}},{"start":{"line":57,"column":14},"end":{"line":57,"column":43}}]},"6":{"line":61,"type":"switch","locations":[{"start":{"line":68,"column":4},"end":{"line":150,"column":14},"skip":true},{"start":{"line":156,"column":4},"end":{"line":324,"column":14},"skip":true}]},"7":{"line":70,"type":"if","locations":[{"start":{"line":70,"column":12},"end":{"line":70,"column":12},"skip":true},{"start":{"line":70,"column":12},"end":{"line":70,"column":12},"skip":true}]},"8":{"line":70,"type":"binary-expr","locations":[{"start":{"line":70,"column":16},"end":{"line":70,"column":22},"skip":true},{"start":{"line":70,"column":27},"end":{"line":70,"column":32},"skip":true},{"start":{"line":71,"column":20},"end":{"line":71,"column":39},"skip":true},{"start":{"line":72,"column":20},"end":{"line":72,"column":49},"skip":true},{"start":{"line":73,"column":20},"end":{"line":73,"column":58},"skip":true},{"start":{"line":74,"column":20},"end":{"line":74,"column":69},"skip":true}]},"9":{"line":79,"type":"switch","locations":[{"start":{"line":80,"column":20},"end":{"line":80,"column":33},"skip":true},{"start":{"line":81,"column":20},"end":{"line":83,"column":30},"skip":true},{"start":{"line":84,"column":20},"end":{"line":85,"column":49},"skip":true}]},"10":{"line":89,"type":"switch","locations":[{"start":{"line":90,"column":12},"end":{"line":103,"column":22},"skip":true},{"start":{"line":105,"column":12},"end":{"line":106,"column":22},"skip":true}]},"11":{"line":89,"type":"binary-expr","locations":[{"start":{"line":89,"column":20},"end":{"line":89,"column":25},"skip":true},{"start":{"line":89,"column":29},"end":{"line":89,"column":48},"skip":true},{"start":{"line":89,"column":52},"end":{"line":89,"column":74},"skip":true}]},"12":{"line":92,"type":"if","locations":[{"start":{"line":92,"column":16},"end":{"line":92,"column":16},"skip":true},{"start":{"line":92,"column":16},"end":{"line":92,"column":16},"skip":true}]},"13":{"line":108,"type":"if","locations":[{"start":{"line":108,"column":12},"end":{"line":108,"column":12},"skip":true},{"start":{"line":108,"column":12},"end":{"line":108,"column":12},"skip":true}]},"14":{"line":108,"type":"binary-expr","locations":[{"start":{"line":108,"column":16},"end":{"line":108,"column":61},"skip":true},{"start":{"line":108,"column":66},"end":{"line":108,"column":72},"skip":true},{"start":{"line":108,"column":77},"end":{"line":108,"column":82},"skip":true},{"start":{"line":109,"column":20},"end":{"line":109,"column":39},"skip":true},{"start":{"line":110,"column":20},"end":{"line":110,"column":49},"skip":true},{"start":{"line":111,"column":20},"end":{"line":111,"column":58},"skip":true},{"start":{"line":112,"column":20},"end":{"line":112,"column":68},"skip":true}]},"15":{"line":129,"type":"if","locations":[{"start":{"line":129,"column":16},"end":{"line":129,"column":16},"skip":true},{"start":{"line":129,"column":16},"end":{"line":129,"column":16},"skip":true}]},"16":{"line":134,"type":"cond-expr","locations":[{"start":{"line":135,"column":26},"end":{"line":135,"column":29},"skip":true},{"start":{"line":136,"column":26},"end":{"line":136,"column":54},"skip":true}]},"17":{"line":164,"type":"binary-expr","locations":[{"start":{"line":164,"column":27},"end":{"line":164,"column":43},"skip":true},{"start":{"line":164,"column":47},"end":{"line":164,"column":49},"skip":true}]},"18":{"line":258,"type":"if","locations":[{"start":{"line":258,"column":8},"end":{"line":258,"column":8},"skip":true},{"start":{"line":258,"column":8},"end":{"line":258,"column":8},"skip":true}]},"19":{"line":275,"type":"switch","locations":[{"start":{"line":276,"column":20},"end":{"line":277,"column":64},"skip":true},{"start":{"line":278,"column":20},"end":{"line":279,"column":40},"skip":true},{"start":{"line":280,"column":20},"end":{"line":281,"column":40},"skip":true},{"start":{"line":282,"column":20},"end":{"line":283,"column":39},"skip":true}]},"20":{"line":288,"type":"if","locations":[{"start":{"line":288,"column":8},"end":{"line":288,"column":8},"skip":true},{"start":{"line":288,"column":8},"end":{"line":288,"column":8},"skip":true}]},"21":{"line":288,"type":"binary-expr","locations":[{"start":{"line":288,"column":12},"end":{"line":288,"column":40},"skip":true},{"start":{"line":288,"column":44},"end":{"line":288,"column":67},"skip":true}]},"22":{"line":292,"type":"binary-expr","locations":[{"start":{"line":292,"column":12},"end":{"line":292,"column":50},"skip":true},{"start":{"line":293,"column":12},"end":{"line":293,"column":53},"skip":true}]},"23":{"line":297,"type":"binary-expr","locations":[{"start":{"line":297,"column":12},"end":{"line":297,"column":64},"skip":true},{"start":{"line":298,"column":12},"end":{"line":301,"column":36},"skip":true}]},"24":{"line":303,"type":"binary-expr","locations":[{"start":{"line":303,"column":43},"end":{"line":303,"column":75},"skip":true},{"start":{"line":303,"column":79},"end":{"line":303,"column":81},"skip":true}]},"25":{"line":306,"type":"if","locations":[{"start":{"line":306,"column":8},"end":{"line":306,"column":8},"skip":true},{"start":{"line":306,"column":8},"end":{"line":306,"column":8},"skip":true}]},"26":{"line":310,"type":"if","locations":[{"start":{"line":310,"column":8},"end":{"line":310,"column":8},"skip":true},{"start":{"line":310,"column":8},"end":{"line":310,"column":8},"skip":true}]},"27":{"line":313,"type":"binary-expr","locations":[{"start":{"line":313,"column":27},"end":{"line":313,"column":43},"skip":true},{"start":{"line":313,"column":47},"end":{"line":313,"column":53},"skip":true}]},"28":{"line":317,"type":"if","locations":[{"start":{"line":317,"column":12},"end":{"line":317,"column":12},"skip":true},{"start":{"line":317,"column":12},"end":{"line":317,"column":12},"skip":true}]}},"code":["/*","example.js","","quickstart example","","instruction","    1. save this script as example.js","    2. run the shell command:","        $ npm install npmtest-pickup && PORT=8081 node example.js","    3. play with the browser-demo on http://127.0.0.1:8081","*/","","","","/* istanbul instrument in package npmtest_pickup */","/*jslint","    bitwise: true,","    browser: true,","    maxerr: 8,","    maxlen: 96,","    node: true,","    nomen: true,","    regexp: true,","    stupid: true","*/","(function () {","    'use strict';","    var local;","","","","    // run shared js-env code - pre-init","    (function () {","        // init local","        local = {};","        // init modeJs","        local.modeJs = (function () {","            try {","                return typeof navigator.userAgent === 'string' &&","                    typeof document.querySelector('body') === 'object' &&","                    typeof XMLHttpRequest.prototype.open === 'function' &&","                    'browser';","            } catch (errorCaughtBrowser) {","                return module.exports &&","                    typeof process.versions.node === 'string' &&","                    typeof require('http').createServer === 'function' &&","                    'node';","            }","        }());","        // init global","        local.global = local.modeJs === 'browser'","            ? window","            : global;","        // init utility2_rollup","        local = local.global.utility2_rollup || (local.modeJs === 'browser'","            ? local.global.utility2_npmtest_pickup","            : global.utility2_moduleExports);","        // export local","        local.global.local = local;","    }());","    switch (local.modeJs) {","","","","    // post-init","    // run browser js-env code - post-init","    /* istanbul ignore next */","    case 'browser':","        local.testRunBrowser = function (event) {","            if (!event || (event &&","                    event.currentTarget &&","                    event.currentTarget.className &&","                    event.currentTarget.className.includes &&","                    event.currentTarget.className.includes('onreset'))) {","                // reset output","                Array.from(","                    document.querySelectorAll('body > .resettable')","                ).forEach(function (element) {","                    switch (element.tagName) {","                    case 'INPUT':","                    case 'TEXTAREA':","                        element.value = '';","                        break;","                    default:","                        element.textContent = '';","                    }","                });","            }","            switch (event && event.currentTarget && event.currentTarget.id) {","            case 'testRunButton1':","                // show tests","                if (document.querySelector('#testReportDiv1').style.display === 'none') {","                    document.querySelector('#testReportDiv1').style.display = 'block';","                    document.querySelector('#testRunButton1').textContent =","                        'hide internal test';","                    local.modeTest = true;","                    local.testRunDefault(local);","                // hide tests","                } else {","                    document.querySelector('#testReportDiv1').style.display = 'none';","                    document.querySelector('#testRunButton1').textContent = 'run internal test';","                }","                break;","            // custom-case","            default:","                break;","            }","            if (document.querySelector('#inputTextareaEval1') && (!event || (event &&","                    event.currentTarget &&","                    event.currentTarget.className &&","                    event.currentTarget.className.includes &&","                    event.currentTarget.className.includes('oneval')))) {","                // try to eval input-code","                try {","                    /*jslint evil: true*/","                    eval(document.querySelector('#inputTextareaEval1').value);","                } catch (errorCaught) {","                    console.error(errorCaught);","                }","            }","        };","        // log stderr and stdout to #outputTextareaStdout1","        ['error', 'log'].forEach(function (key) {","            console[key + '_original'] = console[key];","            console[key] = function () {","                var element;","                console[key + '_original'].apply(console, arguments);","                element = document.querySelector('#outputTextareaStdout1');","                if (!element) {","                    return;","                }","                // append text to #outputTextareaStdout1","                element.value += Array.from(arguments).map(function (arg) {","                    return typeof arg === 'string'","                        ? arg","                        : JSON.stringify(arg, null, 4);","                }).join(' ') + '\\n';","                // scroll textarea to bottom","                element.scrollTop = element.scrollHeight;","            };","        });","        // init event-handling","        ['change', 'click', 'keyup'].forEach(function (event) {","            Array.from(document.querySelectorAll('.on' + event)).forEach(function (element) {","                element.addEventListener(event, local.testRunBrowser);","            });","        });","        // run tests","        local.testRunBrowser();","        break;","","","","    // run node js-env code - post-init","    /* istanbul ignore next */","    case 'node':","        // export local","        module.exports = local;","        // require modules","        local.fs = require('fs');","        local.http = require('http');","        local.url = require('url');","        // init assets","        local.assetsDict = local.assetsDict || {};","        /* jslint-ignore-begin */","        local.assetsDict['/assets.index.template.html'] = '\\","<!doctype html>\\n\\","<html lang=\"en\">\\n\\","<head>\\n\\","<meta charset=\"UTF-8\">\\n\\","<meta name=\"viewport\" content=\"width=device-width, initial-scale=1\">\\n\\","<title>{{env.npm_package_name}} (v{{env.npm_package_version}})</title>\\n\\","<style>\\n\\","/*csslint\\n\\","    box-sizing: false,\\n\\","    universal-selector: false\\n\\","*/\\n\\","* {\\n\\","    box-sizing: border-box;\\n\\","}\\n\\","body {\\n\\","    background: #dde;\\n\\","    font-family: Arial, Helvetica, sans-serif;\\n\\","    margin: 2rem;\\n\\","}\\n\\","body > * {\\n\\","    margin-bottom: 1rem;\\n\\","}\\n\\",".utility2FooterDiv {\\n\\","    margin-top: 20px;\\n\\","    text-align: center;\\n\\","}\\n\\","</style>\\n\\","<style>\\n\\","/*csslint\\n\\","*/\\n\\","textarea {\\n\\","    font-family: monospace;\\n\\","    height: 10rem;\\n\\","    width: 100%;\\n\\","}\\n\\","textarea[readonly] {\\n\\","    background: #ddd;\\n\\","}\\n\\","</style>\\n\\","</head>\\n\\","<body>\\n\\","<!-- utility2-comment\\n\\","<div id=\"ajaxProgressDiv1\" style=\"background: #d00; height: 2px; left: 0; margin: 0; padding: 0; position: fixed; top: 0; transition: background 0.5s, width 1.5s; width: 25%;\"></div>\\n\\","utility2-comment -->\\n\\","<h1>\\n\\","<!-- utility2-comment\\n\\","    <a\\n\\","        {{#if env.npm_package_homepage}}\\n\\","        href=\"{{env.npm_package_homepage}}\"\\n\\","        {{/if env.npm_package_homepage}}\\n\\","        target=\"_blank\"\\n\\","    >\\n\\","utility2-comment -->\\n\\","        {{env.npm_package_name}} (v{{env.npm_package_version}})\\n\\","<!-- utility2-comment\\n\\","    </a>\\n\\","utility2-comment -->\\n\\","</h1>\\n\\","<h3>{{env.npm_package_description}}</h3>\\n\\","<!-- utility2-comment\\n\\","<h4><a download href=\"assets.app.js\">download standalone app</a></h4>\\n\\","<button class=\"onclick onreset\" id=\"testRunButton1\">run internal test</button><br>\\n\\","<div id=\"testReportDiv1\" style=\"display: none;\"></div>\\n\\","utility2-comment -->\\n\\","\\n\\","\\n\\","\\n\\","<label>stderr and stdout</label>\\n\\","<textarea class=\"resettable\" id=\"outputTextareaStdout1\" readonly></textarea>\\n\\","<!-- utility2-comment\\n\\","{{#if isRollup}}\\n\\","<script src=\"assets.app.js\"></script>\\n\\","{{#unless isRollup}}\\n\\","utility2-comment -->\\n\\","<script src=\"assets.utility2.rollup.js\"></script>\\n\\","<script src=\"jsonp.utility2._stateInit?callback=window.utility2._stateInit\"></script>\\n\\","<script src=\"assets.npmtest_pickup.rollup.js\"></script>\\n\\","<script src=\"assets.example.js\"></script>\\n\\","<script src=\"assets.test.js\"></script>\\n\\","<!-- utility2-comment\\n\\","{{/if isRollup}}\\n\\","utility2-comment -->\\n\\","<div class=\"utility2FooterDiv\">\\n\\","    [ this app was created with\\n\\","    <a href=\"https://github.com/kaizhu256/node-utility2\" target=\"_blank\">utility2</a>\\n\\","    ]\\n\\","</div>\\n\\","</body>\\n\\","</html>\\n\\","';","        /* jslint-ignore-end */","        if (local.templateRender) {","            local.assetsDict['/'] = local.templateRender(","                local.assetsDict['/assets.index.template.html'],","                {","                    env: local.objectSetDefault(local.env, {","                        npm_package_description: 'the greatest app in the world!',","                        npm_package_name: 'my-app',","                        npm_package_nameAlias: 'my_app',","                        npm_package_version: '0.0.1'","                    })","                }","            );","        } else {","            local.assetsDict['/'] = local.assetsDict['/assets.index.template.html']","                .replace((/\\{\\{env\\.(\\w+?)\\}\\}/g), function (match0, match1) {","                    // jslint-hack","                    String(match0);","                    switch (match1) {","                    case 'npm_package_description':","                        return 'the greatest app in the world!';","                    case 'npm_package_name':","                        return 'my-app';","                    case 'npm_package_nameAlias':","                        return 'my_app';","                    case 'npm_package_version':","                        return '0.0.1';","                    }","                });","        }","        // run the cli","        if (local.global.utility2_rollup || module !== require.main) {","            break;","        }","        local.assetsDict['/assets.example.js'] =","            local.assetsDict['/assets.example.js'] ||","            local.fs.readFileSync(__filename, 'utf8');","        // bug-workaround - long $npm_package_buildCustomOrg","        /* jslint-ignore-begin */","        local.assetsDict['/assets.npmtest_pickup.rollup.js'] =","            local.assetsDict['/assets.npmtest_pickup.rollup.js'] ||","            local.fs.readFileSync(","                local.npmtest_pickup.__dirname + '/lib.npmtest_pickup.js',","                'utf8'","            ).replace((/^#!/), '//');","        /* jslint-ignore-end */","        local.assetsDict['/favicon.ico'] = local.assetsDict['/favicon.ico'] || '';","        // if $npm_config_timeout_exit exists,","        // then exit this process after $npm_config_timeout_exit ms","        if (Number(process.env.npm_config_timeout_exit)) {","            setTimeout(process.exit, Number(process.env.npm_config_timeout_exit));","        }","        // start server","        if (local.global.utility2_serverHttp1) {","            break;","        }","        process.env.PORT = process.env.PORT || '8081';","        console.error('server starting on port ' + process.env.PORT);","        local.http.createServer(function (request, response) {","            request.urlParsed = local.url.parse(request.url);","            if (local.assetsDict[request.urlParsed.pathname] !== undefined) {","                response.end(local.assetsDict[request.urlParsed.pathname]);","                return;","            }","            response.statusCode = 404;","            response.end();","        }).listen(process.env.PORT);","        break;","    }","}());",""],"l":{"26":2,"28":2,"33":2,"35":2,"37":2,"38":2,"39":2,"44":1,"51":2,"55":2,"59":2,"61":2,"69":1,"70":2,"76":2,"79":2,"82":2,"83":2,"85":1,"89":2,"92":1,"93":1,"94":1,"96":1,"97":1,"100":1,"101":1,"103":1,"106":1,"108":2,"114":1,"116":1,"118":1,"123":1,"124":2,"125":2,"126":3,"127":3,"128":3,"129":3,"130":1,"133":3,"134":3,"139":3,"143":1,"144":3,"145":1,"149":1,"150":1,"158":1,"160":1,"161":1,"162":1,"164":1,"166":1,"258":1,"259":1,"271":1,"274":6,"275":6,"277":1,"279":2,"281":1,"283":2,"288":1,"289":1,"291":1,"296":1,"303":1,"306":1,"307":1,"310":1,"311":1,"313":1,"314":1,"315":1,"316":1,"317":1,"318":1,"319":1,"321":1,"322":1,"324":1}},"/home/travis/build/npmtest/node-npmtest-pickup/node_modules/pickup/index.js":{"path":"/home/travis/build/npmtest/node-npmtest-pickup/node_modules/pickup/index.js","s":{"1":1,"2":1,"3":1,"4":1,"5":1,"6":1,"7":1,"8":1,"9":1,"10":1,"11":1,"12":1,"13":1,"14":1,"15":1,"16":1,"17":1,"18":1,"19":1,"20":1,"21":1,"22":1,"23":1,"24":1,"25":1,"26":1,"27":0,"28":0,"29":0,"30":0,"31":0,"32":1,"33":1,"34":1,"35":1,"36":0,"37":1,"38":1,"39":2,"40":1,"41":1,"42":1,"43":1,"44":1,"45":1,"46":1,"47":1,"48":1,"49":1,"50":1,"51":1,"52":1,"53":0,"54":0,"55":0,"56":0,"57":0,"58":0,"59":0,"60":0,"61":0,"62":0,"63":0,"64":0,"65":0,"66":0,"67":1,"68":0,"69":1,"70":0,"71":0,"72":1,"73":0,"74":0,"75":0,"76":0,"77":0,"78":0,"79":0,"80":0,"81":0,"82":0,"83":0,"84":0,"85":0,"86":0,"87":1,"88":0,"89":0,"90":1,"91":0,"92":1,"93":0,"94":1,"95":0,"96":1,"97":0,"98":1,"99":0,"100":1,"101":0,"102":0,"103":0,"104":0,"105":0,"106":0,"107":0,"108":1,"109":0,"110":0,"111":0,"112":0,"113":0,"114":0,"115":0,"116":1,"117":0,"118":1,"119":0,"120":0,"121":0,"122":0,"123":1,"124":0,"125":0,"126":0,"127":0,"128":0,"129":0,"130":0,"131":0,"132":0,"133":1,"134":0,"135":0,"136":0,"137":0,"138":0,"139":0,"140":0,"141":1,"142":0,"143":0,"144":0,"145":0,"146":0,"147":0,"148":0,"149":0,"150":0,"151":1,"152":0,"153":0,"154":0,"155":0,"156":0,"157":0,"158":0,"159":0,"160":0,"161":0,"162":0,"163":0,"164":0,"165":1,"166":0,"167":0,"168":0,"169":0,"170":0,"171":0,"172":0,"173":0,"174":0,"175":0,"176":0,"177":0,"178":0,"179":0,"180":1,"181":1,"182":1,"183":1,"184":1,"185":1,"186":0,"187":0,"188":0,"189":0,"190":1,"191":0,"192":1,"193":0,"194":1,"195":0,"196":1,"197":1,"198":1,"199":1,"200":1},"b":{"1":[0,0],"2":[0,0],"3":[0,1],"4":[1,0],"5":[1,1],"6":[1,0],"7":[1,0],"8":[0,0],"9":[0,0],"10":[0,0],"11":[0,0],"12":[0,0,0],"13":[0,0],"14":[0,0,0],"15":[0,0],"16":[0,0],"17":[0,0],"18":[0,0],"19":[0,0],"20":[0,0],"21":[0,0],"22":[0,0],"23":[0,0],"24":[0,0],"25":[0,0],"26":[0,0],"27":[0,0],"28":[0,0],"29":[0,0],"30":[0,0],"31":[1,0]},"f":{"1":1,"2":1,"3":1,"4":0,"5":1,"6":2,"7":0,"8":0,"9":0,"10":0,"11":0,"12":0,"13":0,"14":0,"15":0,"16":0,"17":0,"18":0,"19":0,"20":0,"21":1,"22":0,"23":0,"24":0,"25":0},"fnMap":{"1":{"name":"OpenHandlers","line":15,"loc":{"start":{"line":15,"column":0},"end":{"line":15,"column":26}}},"2":{"name":"CloseHandlers","line":23,"loc":{"start":{"line":23,"column":0},"end":{"line":23,"column":27}}},"3":{"name":"Opts","line":31,"loc":{"start":{"line":31,"column":0},"end":{"line":31,"column":42}}},"4":{"name":"encodingFromString","line":39,"loc":{"start":{"line":39,"column":0},"end":{"line":39,"column":34}}},"5":{"name":"encodingFromOpts","line":48,"loc":{"start":{"line":48,"column":0},"end":{"line":48,"column":33}}},"6":{"name":"Pickup","line":55,"loc":{"start":{"line":55,"column":0},"end":{"line":55,"column":23}}},"7":{"name":"(anonymous_7)","line":130,"loc":{"start":{"line":130,"column":27},"end":{"line":130,"column":39}}},"8":{"name":"(anonymous_8)","line":134,"loc":{"start":{"line":134,"column":30},"end":{"line":134,"column":42}}},"9":{"name":"(anonymous_9)","line":138,"loc":{"start":{"line":138,"column":28},"end":{"line":138,"column":40}}},"10":{"name":"(anonymous_10)","line":142,"loc":{"start":{"line":142,"column":29},"end":{"line":142,"column":41}}},"11":{"name":"(anonymous_11)","line":146,"loc":{"start":{"line":146,"column":29},"end":{"line":146,"column":41}}},"12":{"name":"(anonymous_12)","line":150,"loc":{"start":{"line":150,"column":30},"end":{"line":150,"column":42}}},"13":{"name":"(anonymous_13)","line":164,"loc":{"start":{"line":164,"column":29},"end":{"line":164,"column":41}}},"14":{"name":"(anonymous_14)","line":178,"loc":{"start":{"line":178,"column":30},"end":{"line":178,"column":42}}},"15":{"name":"free","line":182,"loc":{"start":{"line":182,"column":0},"end":{"line":182,"column":23}}},"16":{"name":"(anonymous_16)","line":189,"loc":{"start":{"line":189,"column":26},"end":{"line":189,"column":40}}},"17":{"name":"cribEncoding","line":205,"loc":{"start":{"line":205,"column":0},"end":{"line":205,"column":28}}},"18":{"name":"(anonymous_18)","line":215,"loc":{"start":{"line":215,"column":30},"end":{"line":215,"column":56}}},"19":{"name":"Entry","line":231,"loc":{"start":{"line":231,"column":0},"end":{"line":243,"column":7}}},"20":{"name":"Feed","line":259,"loc":{"start":{"line":259,"column":0},"end":{"line":273,"column":7}}},"21":{"name":"State","line":290,"loc":{"start":{"line":290,"column":0},"end":{"line":290,"column":42}}},"22":{"name":"(anonymous_22)","line":297,"loc":{"start":{"line":297,"column":25},"end":{"line":297,"column":37}}},"23":{"name":"extend","line":304,"loc":{"start":{"line":304,"column":0},"end":{"line":304,"column":30}}},"24":{"name":"entry","line":307,"loc":{"start":{"line":307,"column":0},"end":{"line":307,"column":21}}},"25":{"name":"feed","line":310,"loc":{"start":{"line":310,"column":0},"end":{"line":310,"column":20}}}},"statementMap":{"1":{"start":{"line":5,"column":0},"end":{"line":5,"column":33}},"2":{"start":{"line":7,"column":0},"end":{"line":7,"column":61}},"3":{"start":{"line":8,"column":0},"end":{"line":8,"column":44}},"4":{"start":{"line":9,"column":0},"end":{"line":9,"column":42}},"5":{"start":{"line":10,"column":0},"end":{"line":10,"column":24}},"6":{"start":{"line":11,"column":0},"end":{"line":11,"column":26}},"7":{"start":{"line":12,"column":0},"end":{"line":12,"column":41}},"8":{"start":{"line":13,"column":0},"end":{"line":13,"column":28}},"9":{"start":{"line":15,"column":0},"end":{"line":21,"column":1}},"10":{"start":{"line":16,"column":2},"end":{"line":16,"column":27}},"11":{"start":{"line":17,"column":2},"end":{"line":17,"column":24}},"12":{"start":{"line":18,"column":2},"end":{"line":18,"column":25}},"13":{"start":{"line":19,"column":2},"end":{"line":19,"column":26}},"14":{"start":{"line":20,"column":2},"end":{"line":20,"column":26}},"15":{"start":{"line":23,"column":0},"end":{"line":29,"column":1}},"16":{"start":{"line":24,"column":2},"end":{"line":24,"column":28}},"17":{"start":{"line":25,"column":2},"end":{"line":25,"column":25}},"18":{"start":{"line":26,"column":2},"end":{"line":26,"column":26}},"19":{"start":{"line":27,"column":2},"end":{"line":27,"column":27}},"20":{"start":{"line":28,"column":2},"end":{"line":28,"column":27}},"21":{"start":{"line":31,"column":0},"end":{"line":35,"column":1}},"22":{"start":{"line":32,"column":2},"end":{"line":32,"column":18}},"23":{"start":{"line":33,"column":2},"end":{"line":33,"column":28}},"24":{"start":{"line":34,"column":2},"end":{"line":34,"column":26}},"25":{"start":{"line":37,"column":0},"end":{"line":37,"column":43}},"26":{"start":{"line":39,"column":0},"end":{"line":46,"column":1}},"27":{"start":{"line":40,"column":2},"end":{"line":44,"column":3}},"28":{"start":{"line":41,"column":4},"end":{"line":41,"column":17}},"29":{"start":{"line":42,"column":9},"end":{"line":44,"column":3}},"30":{"start":{"line":43,"column":4},"end":{"line":43,"column":19}},"31":{"start":{"line":45,"column":2},"end":{"line":45,"column":15}},"32":{"start":{"line":48,"column":0},"end":{"line":52,"column":1}},"33":{"start":{"line":49,"column":2},"end":{"line":49,"column":40}},"34":{"start":{"line":50,"column":2},"end":{"line":50,"column":42}},"35":{"start":{"line":50,"column":31},"end":{"line":50,"column":42}},"36":{"start":{"line":51,"column":2},"end":{"line":51,"column":32}},"37":{"start":{"line":54,"column":0},"end":{"line":54,"column":39}},"38":{"start":{"line":55,"column":0},"end":{"line":128,"column":1}},"39":{"start":{"line":56,"column":2},"end":{"line":56,"column":56}},"40":{"start":{"line":56,"column":33},"end":{"line":56,"column":56}},"41":{"start":{"line":57,"column":2},"end":{"line":57,"column":35}},"42":{"start":{"line":59,"column":2},"end":{"line":62,"column":3}},"43":{"start":{"line":60,"column":4},"end":{"line":60,"column":60}},"44":{"start":{"line":61,"column":4},"end":{"line":61,"column":62}},"45":{"start":{"line":64,"column":2},"end":{"line":64,"column":40}},"46":{"start":{"line":65,"column":2},"end":{"line":65,"column":49}},"47":{"start":{"line":67,"column":2},"end":{"line":67,"column":41}},"48":{"start":{"line":68,"column":2},"end":{"line":68,"column":17}},"49":{"start":{"line":69,"column":2},"end":{"line":69,"column":41}},"50":{"start":{"line":70,"column":2},"end":{"line":70,"column":26}},"51":{"start":{"line":72,"column":2},"end":{"line":72,"column":28}},"52":{"start":{"line":74,"column":2},"end":{"line":92,"column":3}},"53":{"start":{"line":75,"column":4},"end":{"line":75,"column":34}},"54":{"start":{"line":76,"column":4},"end":{"line":76,"column":24}},"55":{"start":{"line":77,"column":4},"end":{"line":77,"column":28}},"56":{"start":{"line":78,"column":4},"end":{"line":78,"column":32}},"57":{"start":{"line":80,"column":4},"end":{"line":80,"column":32}},"58":{"start":{"line":80,"column":26},"end":{"line":80,"column":32}},"59":{"start":{"line":82,"column":4},"end":{"line":82,"column":27}},"60":{"start":{"line":83,"column":4},"end":{"line":83,"column":52}},"61":{"start":{"line":83,"column":39},"end":{"line":83,"column":52}},"62":{"start":{"line":85,"column":4},"end":{"line":85,"column":44}},"63":{"start":{"line":86,"column":4},"end":{"line":88,"column":5}},"64":{"start":{"line":89,"column":4},"end":{"line":89,"column":58}},"65":{"start":{"line":89,"column":52},"end":{"line":89,"column":58}},"66":{"start":{"line":91,"column":4},"end":{"line":91,"column":20}},"67":{"start":{"line":94,"column":2},"end":{"line":96,"column":3}},"68":{"start":{"line":95,"column":4},"end":{"line":95,"column":20}},"69":{"start":{"line":98,"column":2},"end":{"line":102,"column":3}},"70":{"start":{"line":99,"column":4},"end":{"line":101,"column":5}},"71":{"start":{"line":100,"column":6},"end":{"line":100,"column":32}},"72":{"start":{"line":103,"column":2},"end":{"line":122,"column":3}},"73":{"start":{"line":104,"column":4},"end":{"line":104,"column":26}},"74":{"start":{"line":105,"column":4},"end":{"line":105,"column":26}},"75":{"start":{"line":106,"column":4},"end":{"line":106,"column":41}},"76":{"start":{"line":107,"column":4},"end":{"line":107,"column":37}},"77":{"start":{"line":108,"column":4},"end":{"line":108,"column":34}},"78":{"start":{"line":109,"column":4},"end":{"line":121,"column":5}},"79":{"start":{"line":110,"column":6},"end":{"line":110,"column":36}},"80":{"start":{"line":111,"column":6},"end":{"line":120,"column":7}},"81":{"start":{"line":112,"column":8},"end":{"line":112,"column":42}},"82":{"start":{"line":113,"column":8},"end":{"line":113,"column":44}},"83":{"start":{"line":114,"column":8},"end":{"line":119,"column":9}},"84":{"start":{"line":115,"column":10},"end":{"line":115,"column":56}},"85":{"start":{"line":116,"column":10},"end":{"line":118,"column":11}},"86":{"start":{"line":117,"column":12},"end":{"line":117,"column":34}},"87":{"start":{"line":124,"column":2},"end":{"line":127,"column":3}},"88":{"start":{"line":125,"column":4},"end":{"line":125,"column":38}},"89":{"start":{"line":126,"column":4},"end":{"line":126,"column":26}},"90":{"start":{"line":130,"column":0},"end":{"line":132,"column":1}},"91":{"start":{"line":131,"column":2},"end":{"line":131,"column":44}},"92":{"start":{"line":134,"column":0},"end":{"line":136,"column":1}},"93":{"start":{"line":135,"column":2},"end":{"line":135,"column":39}},"94":{"start":{"line":138,"column":0},"end":{"line":140,"column":1}},"95":{"start":{"line":139,"column":2},"end":{"line":139,"column":30}},"96":{"start":{"line":142,"column":0},"end":{"line":144,"column":1}},"97":{"start":{"line":143,"column":2},"end":{"line":143,"column":32}},"98":{"start":{"line":146,"column":0},"end":{"line":148,"column":1}},"99":{"start":{"line":147,"column":2},"end":{"line":147,"column":25}},"100":{"start":{"line":150,"column":0},"end":{"line":162,"column":1}},"101":{"start":{"line":151,"column":2},"end":{"line":151,"column":32}},"102":{"start":{"line":152,"column":2},"end":{"line":160,"column":3}},"103":{"start":{"line":153,"column":4},"end":{"line":157,"column":5}},"104":{"start":{"line":154,"column":6},"end":{"line":154,"column":22}},"105":{"start":{"line":156,"column":6},"end":{"line":156,"column":47}},"106":{"start":{"line":159,"column":4},"end":{"line":159,"column":29}},"107":{"start":{"line":161,"column":2},"end":{"line":161,"column":25}},"108":{"start":{"line":164,"column":0},"end":{"line":176,"column":1}},"109":{"start":{"line":165,"column":2},"end":{"line":165,"column":30}},"110":{"start":{"line":166,"column":2},"end":{"line":174,"column":3}},"111":{"start":{"line":167,"column":4},"end":{"line":171,"column":5}},"112":{"start":{"line":168,"column":6},"end":{"line":168,"column":21}},"113":{"start":{"line":170,"column":6},"end":{"line":170,"column":46}},"114":{"start":{"line":173,"column":4},"end":{"line":173,"column":27}},"115":{"start":{"line":175,"column":2},"end":{"line":175,"column":24}},"116":{"start":{"line":178,"column":0},"end":{"line":180,"column":1}},"117":{"start":{"line":179,"column":2},"end":{"line":179,"column":26}},"118":{"start":{"line":182,"column":0},"end":{"line":187,"column":1}},"119":{"start":{"line":183,"column":2},"end":{"line":183,"column":23}},"120":{"start":{"line":184,"column":2},"end":{"line":184,"column":26}},"121":{"start":{"line":185,"column":2},"end":{"line":185,"column":25}},"122":{"start":{"line":186,"column":2},"end":{"line":186,"column":22}},"123":{"start":{"line":189,"column":0},"end":{"line":203,"column":1}},"124":{"start":{"line":190,"column":2},"end":{"line":190,"column":19}},"125":{"start":{"line":191,"column":2},"end":{"line":191,"column":21}},"126":{"start":{"line":193,"column":2},"end":{"line":193,"column":22}},"127":{"start":{"line":195,"column":2},"end":{"line":195,"column":22}},"128":{"start":{"line":196,"column":2},"end":{"line":196,"column":17}},"129":{"start":{"line":197,"column":2},"end":{"line":197,"column":20}},"130":{"start":{"line":199,"column":2},"end":{"line":199,"column":21}},"131":{"start":{"line":200,"column":2},"end":{"line":200,"column":19}},"132":{"start":{"line":202,"column":2},"end":{"line":202,"column":6}},"133":{"start":{"line":205,"column":0},"end":{"line":213,"column":1}},"134":{"start":{"line":206,"column":2},"end":{"line":206,"column":38}},"135":{"start":{"line":207,"column":2},"end":{"line":207,"column":20}},"136":{"start":{"line":208,"column":2},"end":{"line":208,"column":22}},"137":{"start":{"line":208,"column":12},"end":{"line":208,"column":22}},"138":{"start":{"line":209,"column":2},"end":{"line":211,"column":3}},"139":{"start":{"line":210,"column":4},"end":{"line":210,"column":34}},"140":{"start":{"line":212,"column":2},"end":{"line":212,"column":12}},"141":{"start":{"line":215,"column":0},"end":{"line":229,"column":1}},"142":{"start":{"line":216,"column":2},"end":{"line":224,"column":3}},"143":{"start":{"line":217,"column":4},"end":{"line":222,"column":5}},"144":{"start":{"line":220,"column":6},"end":{"line":220,"column":47}},"145":{"start":{"line":221,"column":6},"end":{"line":221,"column":37}},"146":{"start":{"line":223,"column":4},"end":{"line":223,"column":40}},"147":{"start":{"line":225,"column":2},"end":{"line":225,"column":39}},"148":{"start":{"line":226,"column":2},"end":{"line":226,"column":41}},"149":{"start":{"line":227,"column":2},"end":{"line":227,"column":26}},"150":{"start":{"line":228,"column":2},"end":{"line":228,"column":8}},"151":{"start":{"line":231,"column":0},"end":{"line":257,"column":1}},"152":{"start":{"line":244,"column":2},"end":{"line":244,"column":22}},"153":{"start":{"line":245,"column":2},"end":{"line":245,"column":26}},"154":{"start":{"line":246,"column":2},"end":{"line":246,"column":28}},"155":{"start":{"line":247,"column":2},"end":{"line":247,"column":18}},"156":{"start":{"line":248,"column":2},"end":{"line":248,"column":14}},"157":{"start":{"line":249,"column":2},"end":{"line":249,"column":20}},"158":{"start":{"line":250,"column":2},"end":{"line":250,"column":18}},"159":{"start":{"line":251,"column":2},"end":{"line":251,"column":32}},"160":{"start":{"line":252,"column":2},"end":{"line":252,"column":26}},"161":{"start":{"line":253,"column":2},"end":{"line":253,"column":24}},"162":{"start":{"line":254,"column":2},"end":{"line":254,"column":20}},"163":{"start":{"line":255,"column":2},"end":{"line":255,"column":24}},"164":{"start":{"line":256,"column":2},"end":{"line":256,"column":16}},"165":{"start":{"line":259,"column":0},"end":{"line":288,"column":1}},"166":{"start":{"line":274,"column":2},"end":{"line":274,"column":22}},"167":{"start":{"line":275,"column":2},"end":{"line":275,"column":28}},"168":{"start":{"line":276,"column":2},"end":{"line":276,"column":14}},"169":{"start":{"line":277,"column":2},"end":{"line":277,"column":20}},"170":{"start":{"line":278,"column":2},"end":{"line":278,"column":26}},"171":{"start":{"line":279,"column":2},"end":{"line":279,"column":18}},"172":{"start":{"line":280,"column":2},"end":{"line":280,"column":32}},"173":{"start":{"line":281,"column":2},"end":{"line":281,"column":24}},"174":{"start":{"line":282,"column":2},"end":{"line":282,"column":26}},"175":{"start":{"line":283,"column":2},"end":{"line":283,"column":24}},"176":{"start":{"line":284,"column":2},"end":{"line":284,"column":20}},"177":{"start":{"line":285,"column":2},"end":{"line":285,"column":16}},"178":{"start":{"line":286,"column":2},"end":{"line":286,"column":24}},"179":{"start":{"line":287,"column":2},"end":{"line":287,"column":16}},"180":{"start":{"line":290,"column":0},"end":{"line":295,"column":1}},"181":{"start":{"line":291,"column":2},"end":{"line":291,"column":20}},"182":{"start":{"line":292,"column":2},"end":{"line":292,"column":18}},"183":{"start":{"line":293,"column":2},"end":{"line":293,"column":20}},"184":{"start":{"line":294,"column":2},"end":{"line":294,"column":18}},"185":{"start":{"line":297,"column":0},"end":{"line":302,"column":1}},"186":{"start":{"line":298,"column":2},"end":{"line":298,"column":19}},"187":{"start":{"line":299,"column":2},"end":{"line":299,"column":18}},"188":{"start":{"line":300,"column":2},"end":{"line":300,"column":20}},"189":{"start":{"line":301,"column":2},"end":{"line":301,"column":23}},"190":{"start":{"line":304,"column":0},"end":{"line":306,"column":1}},"191":{"start":{"line":305,"column":2},"end":{"line":305,"column":57}},"192":{"start":{"line":307,"column":0},"end":{"line":309,"column":1}},"193":{"start":{"line":308,"column":2},"end":{"line":308,"column":33}},"194":{"start":{"line":310,"column":0},"end":{"line":312,"column":1}},"195":{"start":{"line":311,"column":2},"end":{"line":311,"column":32}},"196":{"start":{"line":314,"column":0},"end":{"line":328,"column":1}},"197":{"start":{"line":315,"column":2},"end":{"line":315,"column":37}},"198":{"start":{"line":316,"column":2},"end":{"line":316,"column":23}},"199":{"start":{"line":317,"column":2},"end":{"line":317,"column":21}},"200":{"start":{"line":318,"column":2},"end":{"line":327,"column":3}}},"branchMap":{"1":{"line":40,"type":"if","locations":[{"start":{"line":40,"column":2},"end":{"line":40,"column":2}},{"start":{"line":40,"column":2},"end":{"line":40,"column":2}}]},"2":{"line":42,"type":"if","locations":[{"start":{"line":42,"column":9},"end":{"line":42,"column":9}},{"start":{"line":42,"column":9},"end":{"line":42,"column":9}}]},"3":{"line":49,"type":"cond-expr","locations":[{"start":{"line":49,"column":21},"end":{"line":49,"column":33}},{"start":{"line":49,"column":36},"end":{"line":49,"column":40}}]},"4":{"line":50,"type":"if","locations":[{"start":{"line":50,"column":2},"end":{"line":50,"column":2}},{"start":{"line":50,"column":2},"end":{"line":50,"column":2}}]},"5":{"line":56,"type":"if","locations":[{"start":{"line":56,"column":2},"end":{"line":56,"column":2}},{"start":{"line":56,"column":2},"end":{"line":56,"column":2}}]},"6":{"line":59,"type":"if","locations":[{"start":{"line":59,"column":2},"end":{"line":59,"column":2}},{"start":{"line":59,"column":2},"end":{"line":59,"column":2}}]},"7":{"line":67,"type":"binary-expr","locations":[{"start":{"line":67,"column":19},"end":{"line":67,"column":23}},{"start":{"line":67,"column":27},"end":{"line":67,"column":41}}]},"8":{"line":80,"type":"if","locations":[{"start":{"line":80,"column":4},"end":{"line":80,"column":4}},{"start":{"line":80,"column":4},"end":{"line":80,"column":4}}]},"9":{"line":80,"type":"binary-expr","locations":[{"start":{"line":80,"column":8},"end":{"line":80,"column":16}},{"start":{"line":80,"column":20},"end":{"line":80,"column":24}}]},"10":{"line":83,"type":"if","locations":[{"start":{"line":83,"column":4},"end":{"line":83,"column":4}},{"start":{"line":83,"column":4},"end":{"line":83,"column":4}}]},"11":{"line":83,"type":"binary-expr","locations":[{"start":{"line":83,"column":8},"end":{"line":83,"column":19}},{"start":{"line":83,"column":23},"end":{"line":83,"column":37}}]},"12":{"line":86,"type":"binary-expr","locations":[{"start":{"line":86,"column":22},"end":{"line":86,"column":39}},{"start":{"line":87,"column":6},"end":{"line":87,"column":24}},{"start":{"line":87,"column":28},"end":{"line":87,"column":53}}]},"13":{"line":89,"type":"if","locations":[{"start":{"line":89,"column":4},"end":{"line":89,"column":4}},{"start":{"line":89,"column":4},"end":{"line":89,"column":4}}]},"14":{"line":89,"type":"binary-expr","locations":[{"start":{"line":89,"column":8},"end":{"line":89,"column":25}},{"start":{"line":89,"column":30},"end":{"line":89,"column":35}},{"start":{"line":89,"column":39},"end":{"line":89,"column":49}}]},"15":{"line":99,"type":"if","locations":[{"start":{"line":99,"column":4},"end":{"line":99,"column":4}},{"start":{"line":99,"column":4},"end":{"line":99,"column":4}}]},"16":{"line":106,"type":"binary-expr","locations":[{"start":{"line":106,"column":15},"end":{"line":106,"column":29}},{"start":{"line":106,"column":33},"end":{"line":106,"column":41}}]},"17":{"line":109,"type":"if","locations":[{"start":{"line":109,"column":4},"end":{"line":109,"column":4}},{"start":{"line":109,"column":4},"end":{"line":109,"column":4}}]},"18":{"line":111,"type":"if","locations":[{"start":{"line":111,"column":6},"end":{"line":111,"column":6}},{"start":{"line":111,"column":6},"end":{"line":111,"column":6}}]},"19":{"line":114,"type":"if","locations":[{"start":{"line":114,"column":8},"end":{"line":114,"column":8}},{"start":{"line":114,"column":8},"end":{"line":114,"column":8}}]},"20":{"line":116,"type":"if","locations":[{"start":{"line":116,"column":10},"end":{"line":116,"column":10}},{"start":{"line":116,"column":10},"end":{"line":116,"column":10}}]},"21":{"line":131,"type":"binary-expr","locations":[{"start":{"line":131,"column":9},"end":{"line":131,"column":25}},{"start":{"line":131,"column":29},"end":{"line":131,"column":44}}]},"22":{"line":152,"type":"if","locations":[{"start":{"line":152,"column":2},"end":{"line":152,"column":2}},{"start":{"line":152,"column":2},"end":{"line":152,"column":2}}]},"23":{"line":153,"type":"if","locations":[{"start":{"line":153,"column":4},"end":{"line":153,"column":4}},{"start":{"line":153,"column":4},"end":{"line":153,"column":4}}]},"24":{"line":166,"type":"if","locations":[{"start":{"line":166,"column":2},"end":{"line":166,"column":2}},{"start":{"line":166,"column":2},"end":{"line":166,"column":2}}]},"25":{"line":167,"type":"if","locations":[{"start":{"line":167,"column":4},"end":{"line":167,"column":4}},{"start":{"line":167,"column":4},"end":{"line":167,"column":4}}]},"26":{"line":208,"type":"if","locations":[{"start":{"line":208,"column":2},"end":{"line":208,"column":2}},{"start":{"line":208,"column":2},"end":{"line":208,"column":2}}]},"27":{"line":209,"type":"if","locations":[{"start":{"line":209,"column":2},"end":{"line":209,"column":2}},{"start":{"line":209,"column":2},"end":{"line":209,"column":2}}]},"28":{"line":216,"type":"if","locations":[{"start":{"line":216,"column":2},"end":{"line":216,"column":2}},{"start":{"line":216,"column":2},"end":{"line":216,"column":2}}]},"29":{"line":217,"type":"if","locations":[{"start":{"line":217,"column":4},"end":{"line":217,"column":4}},{"start":{"line":217,"column":4},"end":{"line":217,"column":4}}]},"30":{"line":305,"type":"binary-expr","locations":[{"start":{"line":305,"column":30},"end":{"line":305,"column":33}},{"start":{"line":305,"column":37},"end":{"line":305,"column":56}}]},"31":{"line":314,"type":"if","locations":[{"start":{"line":314,"column":0},"end":{"line":314,"column":0}},{"start":{"line":314,"column":0},"end":{"line":314,"column":0}}]}},"code":["'use strict'","","// pickup - transform RSS or Atom XML to JSON","","exports = module.exports = Pickup","","const StringDecoder = require('string_decoder').StringDecoder","const attribute = require('./lib/attribute')","const mappings = require('./lib/mappings')","const os = require('os')","const sax = require('sax')","const stream = require('readable-stream')","const util = require('util')","","function OpenHandlers (t) {","  this.channel = t.feedopen","  this.feed = t.feedopen","  this.item = t.entryopen","  this.entry = t.entryopen","  this.image = t.imageopen","}","","function CloseHandlers (t) {","  this.channel = t.feedclose","  this.feed = t.feedclose","  this.item = t.entryclose","  this.entry = t.entryclose","  this.image = t.imageclose","}","","function Opts (trim, normalize, position) {","  this.trim = trim","  this.normalize = normalize","  this.position = position","}","","const saxOpts = new Opts(true, true, false)","","function encodingFromString (str) {","  if (str.match(/utf-8/i)) {","    return 'utf8'","  } else if (str.match(/iso-8859-1/i)) {","    return 'binary'","  }","  return 'utf8'","}","","function encodingFromOpts (opts) {","  const str = opts ? opts.charset : null","  if (typeof str !== 'string') return null","  return encodingFromString(str)","}","","util.inherits(Pickup, stream.Transform)","function Pickup (opts) {","  if (!(this instanceof Pickup)) return new Pickup(opts)","  stream.Transform.call(this, opts)","","  if (!Pickup.openHandlers) {","    Pickup.openHandlers = new OpenHandlers(Pickup.prototype)","    Pickup.closeHandlers = new CloseHandlers(Pickup.prototype)","  }","","  this.encoding = encodingFromOpts(opts)","  this.decoder = new StringDecoder(this.encoding)","","  this.eventMode = opts && opts.eventMode","  this.map = null","  this.parser = sax.parser(true, saxOpts)","  this.state = new State()","","  const parser = this.parser","","  parser.ontext = (t) => {","    const current = this.current()","    const map = this.map","    const state = this.state","    const name = this.state.name","","    if (!current || !map) return","","    let key = map.get(name)","    if (state.image && name === 'url') key = 'image'","","    const isSet = current[key] !== undefined","    const isSummary = key === 'summary' && (","      name === 'summary' || name === 'itunes:summary'","    )","    if (key === undefined || (isSet && !isSummary)) return","","    current[key] = t","  }","","  parser.oncdata = (d) => {","    parser.ontext(d)","  }","","  const handle = (name, handlers) => {","    if (handlers.hasOwnProperty(name)) {","      handlers[name].apply(this)","    }","  }","  parser.onopentag = (node) => {","    const name = node.name","    this.state.name = name","    this.map = mappings[name] || this.map","    handle(name, Pickup.openHandlers)","    const current = this.current()","    if (current) {","      const key = this.map.get(name)","      if (key) {","        const attributes = node.attributes","        const keys = Object.keys(attributes)","        if (keys.length) {","          const kv = attribute(key, attributes, current)","          if (kv) {","            current[kv[0]] = kv[1]","          }","        }","      }","    }","  }","","  parser.onclosetag = (name) => {","    handle(name, Pickup.closeHandlers)","    this.state.name = null","  }","}","","Pickup.prototype.current = function () {","  return this.state.entry || this.state.feed","}","","Pickup.prototype.objectMode = function () {","  return this._readableState.objectMode","}","","Pickup.prototype.feedopen = function () {","  this.state.feed = new Feed()","}","","Pickup.prototype.entryopen = function () {","  this.state.entry = new Entry()","}","","Pickup.prototype.imageopen = function () {","  this.state.image = true","}","","Pickup.prototype.entryclose = function () {","  const entry = this.state.entry","  if (!this.eventMode) {","    if (this.objectMode()) {","      this.push(entry)","    } else {","      this.push(JSON.stringify(entry) + os.EOL)","    }","  } else {","    this.emit('entry', entry)","  }","  this.state.entry = null","}","","Pickup.prototype.feedclose = function () {","  const feed = this.state.feed","  if (!this.eventMode) {","    if (this.objectMode()) {","      this.push(feed)","    } else {","      this.push(JSON.stringify(feed) + os.EOL)","    }","  } else {","    this.emit('feed', feed)","  }","  this.state.feed = null","}","","Pickup.prototype.imageclose = function () {","  this.state.image = false","}","","function free (parser) {","  parser.oncdata = null","  parser.onclosetag = null","  parser.onopentag = null","  parser.ontext = null","}","","Pickup.prototype._flush = function (cb) {","  free(this.parser)","  this.parser.close()","","  this._decoder = null","","  this.encoding = null","  this.map = null","  this.parser = null","","  this.state.deinit()","  this.state = null","","  cb()","}","","function cribEncoding (str) {","  const enc = str.split('encoding')[1]","  const def = 'utf8'","  if (!enc) return def","  if (enc.trim()[0] === '=') {","    return encodingFromString(enc)","  }","  return def","}","","Pickup.prototype._transform = function (chunk, enc, cb) {","  if (!this._decoder) {","    if (!this.encoding) {","      // This, of course, fails--yielding 'utf8'--if the first chunk is too","      // short to contain the encoding tag.","      const t = chunk.toString('ascii', 0, 128)","      this.encoding = cribEncoding(t)","    }","    this.emit('encoding', this.encoding)","  }","  const str = this.decoder.write(chunk)","  const er = this.parser.write(str).error","  this.parser.error = null","  cb(er)","}","","function Entry (","  author",", duration",", enclosure",", id",", image",", link",", originalURL",", subtitle",", summary",", title",", updated",", url) {","  this.author = author","  this.duration = duration","  this.enclosure = enclosure","  this.feed = feed","  this.id = id","  this.image = image","  this.link = link","  this.originalURL = originalURL","  this.subtitle = subtitle","  this.summary = summary","  this.title = title","  this.updated = updated","  this.url = url","}","","function Feed (","  author",", copyright",", id",", image",", language",", link",", originalURL",", payment",", subtitle",", summary",", title",", ttl",", updated",", url) {","  this.author = author","  this.copyright = copyright","  this.id = id","  this.image = image","  this.language = language","  this.link = link","  this.originalURL = originalURL","  this.payment = payment","  this.subtitle = subtitle","  this.summary = summary","  this.title = title","  this.ttl = ttl","  this.updated = updated","  this.url = url","}","","function State (entry, feed, image, name) {","  this.entry = entry","  this.feed = feed","  this.image = image","  this.name = name","}","","State.prototype.deinit = function () {","  this.entry = null","  this.feed = null","  this.image = false","  this.name = undefined // String()","}","","function extend (origin, add) {","  return util._extend(origin, add || Object.create(null))","}","function entry (obj) {","  return extend(new Entry(), obj)","}","function feed (obj) {","  return extend(new Feed(), obj)","}","","if (process.mainModule.filename.match(/test/) !== null) {","  exports.cribEncoding = cribEncoding","  exports.entry = entry","  exports.feed = feed","  exports.EVENTS = [","    'data',","    'drain',","    'readable',","    'end',","    'entry',","    'error',","    'feed',","    'finish'","  ]","}",""],"l":{"5":1,"7":1,"8":1,"9":1,"10":1,"11":1,"12":1,"13":1,"15":1,"16":1,"17":1,"18":1,"19":1,"20":1,"23":1,"24":1,"25":1,"26":1,"27":1,"28":1,"31":1,"32":1,"33":1,"34":1,"37":1,"39":1,"40":0,"41":0,"42":0,"43":0,"45":0,"48":1,"49":1,"50":1,"51":0,"54":1,"55":1,"56":2,"57":1,"59":1,"60":1,"61":1,"64":1,"65":1,"67":1,"68":1,"69":1,"70":1,"72":1,"74":1,"75":0,"76":0,"77":0,"78":0,"80":0,"82":0,"83":0,"85":0,"86":0,"89":0,"91":0,"94":1,"95":0,"98":1,"99":0,"100":0,"103":1,"104":0,"105":0,"106":0,"107":0,"108":0,"109":0,"110":0,"111":0,"112":0,"113":0,"114":0,"115":0,"116":0,"117":0,"124":1,"125":0,"126":0,"130":1,"131":0,"134":1,"135":0,"138":1,"139":0,"142":1,"143":0,"146":1,"147":0,"150":1,"151":0,"152":0,"153":0,"154":0,"156":0,"159":0,"161":0,"164":1,"165":0,"166":0,"167":0,"168":0,"170":0,"173":0,"175":0,"178":1,"179":0,"182":1,"183":0,"184":0,"185":0,"186":0,"189":1,"190":0,"191":0,"193":0,"195":0,"196":0,"197":0,"199":0,"200":0,"202":0,"205":1,"206":0,"207":0,"208":0,"209":0,"210":0,"212":0,"215":1,"216":0,"217":0,"220":0,"221":0,"223":0,"225":0,"226":0,"227":0,"228":0,"231":1,"244":0,"245":0,"246":0,"247":0,"248":0,"249":0,"250":0,"251":0,"252":0,"253":0,"254":0,"255":0,"256":0,"259":1,"274":0,"275":0,"276":0,"277":0,"278":0,"279":0,"280":0,"281":0,"282":0,"283":0,"284":0,"285":0,"286":0,"287":0,"290":1,"291":1,"292":1,"293":1,"294":1,"297":1,"298":0,"299":0,"300":0,"301":0,"304":1,"305":0,"307":1,"308":0,"310":1,"311":0,"314":1,"315":1,"316":1,"317":1,"318":1}},"/home/travis/build/npmtest/node-npmtest-pickup/node_modules/pickup/lib/attribute.js":{"path":"/home/travis/build/npmtest/node-npmtest-pickup/node_modules/pickup/lib/attribute.js","s":{"1":1,"2":1,"3":1,"4":0,"5":1,"6":0,"7":0,"8":0,"9":1,"10":0,"11":1,"12":0,"13":0,"14":0,"15":0,"16":0,"17":0,"18":0,"19":0,"20":0,"21":0,"22":1,"23":0,"24":1,"25":1,"26":0,"27":0},"b":{"1":[0,0],"2":[0,0],"3":[0,0],"4":[0,0],"5":[0,0,0],"6":[0,0],"7":[0,0],"8":[0,0],"9":[0,0]},"f":{"1":0,"2":0,"3":0,"4":0,"5":0,"6":0},"fnMap":{"1":{"name":"href","line":7,"loc":{"start":{"line":7,"column":0},"end":{"line":7,"column":27}}},"2":{"name":"Enclosure","line":11,"loc":{"start":{"line":11,"column":0},"end":{"line":11,"column":32}}},"3":{"name":"enclosure","line":16,"loc":{"start":{"line":16,"column":0},"end":{"line":16,"column":37}}},"4":{"name":"link","line":20,"loc":{"start":{"line":20,"column":0},"end":{"line":20,"column":32}}},"5":{"name":"image","line":33,"loc":{"start":{"line":33,"column":0},"end":{"line":33,"column":33}}},"6":{"name":"attribute","line":43,"loc":{"start":{"line":43,"column":0},"end":{"line":43,"column":37}}}},"statementMap":{"1":{"start":{"line":1,"column":0},"end":{"line":1,"column":12}},"2":{"start":{"line":5,"column":0},"end":{"line":5,"column":26}},"3":{"start":{"line":7,"column":0},"end":{"line":9,"column":1}},"4":{"start":{"line":8,"column":2},"end":{"line":8,"column":42}},"5":{"start":{"line":11,"column":0},"end":{"line":15,"column":1}},"6":{"start":{"line":12,"column":2},"end":{"line":12,"column":29}},"7":{"start":{"line":13,"column":2},"end":{"line":13,"column":33}},"8":{"start":{"line":14,"column":2},"end":{"line":14,"column":29}},"9":{"start":{"line":16,"column":0},"end":{"line":18,"column":1}},"10":{"start":{"line":17,"column":2},"end":{"line":17,"column":41}},"11":{"start":{"line":20,"column":0},"end":{"line":31,"column":1}},"12":{"start":{"line":21,"column":2},"end":{"line":21,"column":28}},"13":{"start":{"line":22,"column":2},"end":{"line":24,"column":3}},"14":{"start":{"line":23,"column":4},"end":{"line":23,"column":45}},"15":{"start":{"line":25,"column":2},"end":{"line":25,"column":61}},"16":{"start":{"line":25,"column":55},"end":{"line":25,"column":61}},"17":{"start":{"line":26,"column":2},"end":{"line":26,"column":34}},"18":{"start":{"line":26,"column":25},"end":{"line":26,"column":34}},"19":{"start":{"line":27,"column":2},"end":{"line":30,"column":3}},"20":{"start":{"line":28,"column":4},"end":{"line":28,"column":32}},"21":{"start":{"line":29,"column":4},"end":{"line":29,"column":21}},"22":{"start":{"line":33,"column":0},"end":{"line":35,"column":1}},"23":{"start":{"line":34,"column":2},"end":{"line":34,"column":32}},"24":{"start":{"line":37,"column":0},"end":{"line":41,"column":1}},"25":{"start":{"line":43,"column":0},"end":{"line":47,"column":1}},"26":{"start":{"line":44,"column":2},"end":{"line":46,"column":3}},"27":{"start":{"line":45,"column":4},"end":{"line":45,"column":41}}},"branchMap":{"1":{"line":8,"type":"binary-expr","locations":[{"start":{"line":8,"column":9},"end":{"line":8,"column":24}},{"start":{"line":8,"column":28},"end":{"line":8,"column":42}}]},"2":{"line":22,"type":"if","locations":[{"start":{"line":22,"column":2},"end":{"line":22,"column":2}},{"start":{"line":22,"column":2},"end":{"line":22,"column":2}}]},"3":{"line":22,"type":"binary-expr","locations":[{"start":{"line":22,"column":6},"end":{"line":22,"column":25}},{"start":{"line":22,"column":29},"end":{"line":22,"column":48}}]},"4":{"line":25,"type":"if","locations":[{"start":{"line":25,"column":2},"end":{"line":25,"column":2}},{"start":{"line":25,"column":2},"end":{"line":25,"column":2}}]},"5":{"line":25,"type":"binary-expr","locations":[{"start":{"line":25,"column":6},"end":{"line":25,"column":9}},{"start":{"line":25,"column":13},"end":{"line":25,"column":32}},{"start":{"line":25,"column":36},"end":{"line":25,"column":53}}]},"6":{"line":26,"type":"if","locations":[{"start":{"line":26,"column":2},"end":{"line":26,"column":2}},{"start":{"line":26,"column":2},"end":{"line":26,"column":2}}]},"7":{"line":27,"type":"if","locations":[{"start":{"line":27,"column":2},"end":{"line":27,"column":2}},{"start":{"line":27,"column":2},"end":{"line":27,"column":2}}]},"8":{"line":27,"type":"binary-expr","locations":[{"start":{"line":27,"column":6},"end":{"line":27,"column":20}},{"start":{"line":27,"column":24},"end":{"line":27,"column":41}}]},"9":{"line":44,"type":"if","locations":[{"start":{"line":44,"column":2},"end":{"line":44,"column":2}},{"start":{"line":44,"column":2},"end":{"line":44,"column":2}}]}},"code":["'use-strict'","","// attribute - whitelist attributes","","module.exports = attribute","","function href (attributes) {","  return attributes.href || attributes.url","}","","function Enclosure (attributes) {","  this.url = href(attributes)","  this.length = attributes.length","  this.type = attributes.type","}","function enclosure (key, attributes) {","  return [key, new Enclosure(attributes)]","}","","function link (key, attributes) {","  const rel = attributes.rel","  if (key === 'enclosure' || rel === 'enclosure') {","    return enclosure('enclosure', attributes)","  }","  if (rel && rel !== 'alternate' && rel !== 'payment') return","  if (rel === 'payment') key = rel","  if (key === 'link' || key === 'payment') {","    const uri = href(attributes)","    return [key, uri]","  }","}","","function image (key, attributes) {","  return [key, href(attributes)]","}","","const handlers = {","  link: link,","  image: image,","  enclosure: enclosure","}","","function attribute (key, attributes) {","  if (handlers.hasOwnProperty(key)) {","    return handlers[key](key, attributes)","  }","}",""],"l":{"1":1,"5":1,"7":1,"8":0,"11":1,"12":0,"13":0,"14":0,"16":1,"17":0,"20":1,"21":0,"22":0,"23":0,"25":0,"26":0,"27":0,"28":0,"29":0,"33":1,"34":0,"37":1,"43":1,"44":0,"45":0}},"/home/travis/build/npmtest/node-npmtest-pickup/node_modules/pickup/lib/mappings.js":{"path":"/home/travis/build/npmtest/node-npmtest-pickup/node_modules/pickup/lib/mappings.js","s":{"1":1},"b":{},"f":{},"fnMap":{},"statementMap":{"1":{"start":{"line":5,"column":0},"end":{"line":52,"column":1}}},"branchMap":{},"code":["'use strict'","","// mappings - map elements to property names","","module.exports = {","  channel: new Map([","    ['atom:link', 'link'],","    ['copyright', 'copyright'],","    ['description', 'summary'],","    ['image', 'image'],","    ['itunes:author', 'author'],","    ['itunes:image', 'image'],","    ['itunes:subtitle', 'subtitle'],","    ['itunes:summary', 'summary'],","    ['language', 'language'],","    ['link', 'link'],","    ['pubDate', 'updated'],","    ['title', 'title'],","    ['ttl', 'ttl']","  ]),","  item: new Map([","    ['author', 'author'],","    ['description', 'summary'],","    ['enclosure', 'enclosure'],","    ['guid', 'id'],","    ['itunes:author', 'author'],","    ['itunes:duration', 'duration'],","    ['itunes:image', 'image'],","    ['itunes:subtitle', 'subtitle'],","    ['itunes:summary', 'summary'],","    ['link', 'link'],","    ['media:thumbnail', 'image'],","    ['pubDate', 'updated'],","    ['title', 'title']","  ]),","  feed: new Map([","    ['id', 'id'],","    ['link', 'link'],","    ['name', 'author'],","    ['subtitle', 'subtitle'],","    ['title', 'title'],","    ['updated', 'updated']","  ]),","  entry: new Map([","    ['email', 'author'],","    ['id', 'id'],","    ['link', 'link'],","    ['summary', 'summary'],","    ['title', 'title'],","    ['updated', 'updated']","  ])","}",""],"l":{"5":1}},"/home/travis/build/npmtest/node-npmtest-pickup/node_modules/pickup/repl.js":{"path":"/home/travis/build/npmtest/node-npmtest-pickup/node_modules/pickup/repl.js","s":{"1":1,"2":1,"3":1,"4":1,"5":1,"6":1,"7":1,"8":1,"9":1,"10":1,"11":1,"12":0,"13":1,"14":1,"15":0,"16":0,"17":0,"18":1,"19":0,"20":0,"21":0,"22":0,"23":0,"24":0,"25":1,"26":0,"27":0,"28":0,"29":1,"30":0,"31":0,"32":0},"b":{"1":[0,0],"2":[0,0]},"f":{"1":0,"2":0,"3":0,"4":0,"5":0},"fnMap":{"1":{"name":"file","line":23,"loc":{"start":{"line":23,"column":0},"end":{"line":23,"column":21}}},"2":{"name":"UrlStream","line":29,"loc":{"start":{"line":29,"column":0},"end":{"line":29,"column":26}}},"3":{"name":"(anonymous_3)","line":34,"loc":{"start":{"line":34,"column":33},"end":{"line":34,"column":59}}},"4":{"name":"get","line":45,"loc":{"start":{"line":45,"column":0},"end":{"line":45,"column":19}}},"5":{"name":"read","line":51,"loc":{"start":{"line":51,"column":0},"end":{"line":51,"column":29}}}},"statementMap":{"1":{"start":{"line":5,"column":0},"end":{"line":5,"column":45}},"2":{"start":{"line":6,"column":0},"end":{"line":6,"column":24}},"3":{"start":{"line":7,"column":0},"end":{"line":7,"column":28}},"4":{"start":{"line":8,"column":0},"end":{"line":8,"column":28}},"5":{"start":{"line":9,"column":0},"end":{"line":9,"column":28}},"6":{"start":{"line":10,"column":0},"end":{"line":10,"column":28}},"7":{"start":{"line":12,"column":0},"end":{"line":17,"column":10}},"8":{"start":{"line":19,"column":0},"end":{"line":19,"column":15}},"9":{"start":{"line":20,"column":0},"end":{"line":20,"column":13}},"10":{"start":{"line":21,"column":0},"end":{"line":21,"column":15}},"11":{"start":{"line":23,"column":0},"end":{"line":26,"column":1}},"12":{"start":{"line":24,"column":2},"end":{"line":25,"column":33}},"13":{"start":{"line":28,"column":0},"end":{"line":28,"column":35}},"14":{"start":{"line":29,"column":0},"end":{"line":32,"column":1}},"15":{"start":{"line":30,"column":2},"end":{"line":30,"column":62}},"16":{"start":{"line":30,"column":36},"end":{"line":30,"column":62}},"17":{"start":{"line":31,"column":2},"end":{"line":31,"column":28}},"18":{"start":{"line":34,"column":0},"end":{"line":43,"column":1}},"19":{"start":{"line":35,"column":2},"end":{"line":42,"column":4}},"20":{"start":{"line":36,"column":4},"end":{"line":36,"column":47}},"21":{"start":{"line":37,"column":4},"end":{"line":39,"column":6}},"22":{"start":{"line":38,"column":6},"end":{"line":38,"column":22}},"23":{"start":{"line":40,"column":4},"end":{"line":40,"column":27}},"24":{"start":{"line":41,"column":4},"end":{"line":41,"column":20}},"25":{"start":{"line":45,"column":0},"end":{"line":49,"column":1}},"26":{"start":{"line":46,"column":2},"end":{"line":46,"column":52}},"27":{"start":{"line":47,"column":2},"end":{"line":47,"column":17}},"28":{"start":{"line":48,"column":2},"end":{"line":48,"column":15}},"29":{"start":{"line":51,"column":0},"end":{"line":57,"column":1}},"30":{"start":{"line":52,"column":2},"end":{"line":52,"column":9}},"31":{"start":{"line":53,"column":2},"end":{"line":56,"column":3}},"32":{"start":{"line":54,"column":4},"end":{"line":55,"column":48}}},"branchMap":{"1":{"line":30,"type":"if","locations":[{"start":{"line":30,"column":2},"end":{"line":30,"column":2}},{"start":{"line":30,"column":2},"end":{"line":30,"column":2}}]},"2":{"line":55,"type":"cond-expr","locations":[{"start":{"line":55,"column":13},"end":{"line":55,"column":22}},{"start":{"line":55,"column":25},"end":{"line":55,"column":28}}]}},"code":["//#!/usr/bin/env node","","// repl - explore pickup","","const Transform = require('stream').Transform","const fs = require('fs')","const http = require('http')","const pickup = require('./')","const repl = require('repl')","const util = require('util')","","const ctx = repl.start({","  prompt: 'pickup> ',","  ignoreUndefined: true,","  input: process.stdin,","  output: process.stdout","}).context","","ctx.file = file","ctx.get = get","ctx.read = read","","function file (path) {","  return fs.createReadStream(path).pipe(","    pickup({ objectMode: true }))","}","","util.inherits(UrlStream, Transform)","function UrlStream (opts) {","  if (!(this instanceof UrlStream)) return new UrlStream(opts)","  Transform.call(this, opts)","}","","UrlStream.prototype._transform = function (chunk, enc, cb) {","  http.get(chunk, (res) => {","    const parser = pickup({ objectMode: true })","    parser.on('data', (chunk) => {","      this.push(chunk)","    })","    parser.on('finish', cb)","    res.pipe(parser)","  })","}","","function get (url) {","  const stream = new UrlStream({ objectMode: true })","  stream.end(url)","  return stream","}","","function read (stream, prop) {","  let obj","  while ((obj = stream.read()) !== null) {","    console.log(util.inspect(","      prop ? obj[prop] : obj, { colors: true }))","  }","}",""],"l":{"5":1,"6":1,"7":1,"8":1,"9":1,"10":1,"12":1,"19":1,"20":1,"21":1,"23":1,"24":0,"28":1,"29":1,"30":0,"31":0,"34":1,"35":0,"36":0,"37":0,"38":0,"40":0,"41":0,"45":1,"46":0,"47":0,"48":0,"51":1,"52":0,"53":0,"54":0}},"/home/travis/build/npmtest/node-npmtest-pickup/node_modules/pickup/bin/cli.js":{"path":"/home/travis/build/npmtest/node-npmtest-pickup/node_modules/pickup/bin/cli.js","s":{"1":1,"2":1,"3":1},"b":{},"f":{"1":0},"fnMap":{"1":{"name":"(anonymous_1)","line":5,"loc":{"start":{"line":5,"column":27},"end":{"line":5,"column":39}}}},"statementMap":{"1":{"start":{"line":3,"column":0},"end":{"line":3,"column":29}},"2":{"start":{"line":5,"column":0},"end":{"line":5,"column":42}},"3":{"start":{"line":6,"column":0},"end":{"line":6,"column":49}}},"branchMap":{},"code":["//#!/usr/bin/env node","","const pickup = require('../')","","process.stdout.on('error', function () {})","process.stdin.pipe(pickup()).pipe(process.stdout)",""],"l":{"3":1,"5":1,"6":1}}}